# JRE version: Java(TM) SE Runtime Environment (20.0+36) (build 20+36-2344)
# Java VM: Java HotSpot(TM) 64-Bit Server VM (20+36-2344, mixed mode, sharing, tiered, compressed oops, compressed class ptrs, g1 gc, windows-amd64)
GC Precious Log:
 CardTable entry size: 512
 Card Set container configuration: InlinePtr #cards 4 size 8 Array Of Cards #cards 16 size 48 Howl #buckets 8 coarsen threshold 3686 Howl Bitmap #cards 512 size 80 coarsen threshold 460 Card regions per heap region 1 cards per card region 4096
 CPUs: 4 total, 4 available
 Memory: 12203M
 Large Page Support: Disabled
 NUMA Support: Disabled
 Compressed Oops: Enabled (Zero based)
 Heap Region Size: 2M
 Heap Min Capacity: 8M
 Heap Initial Capacity: 192M
 Heap Max Capacity: 3052M
 Pre-touch: Disabled
 Parallel Workers: 4
 Concurrent Workers: 1
 Concurrent Refinement Workers: 4
 Periodic GC: Disabled
Heap:
 garbage-first heap   total 196608K, used 11434K [0x0000000741400000, 0x0000000800000000)
  region size 2048K, 4 young (8192K), 2 survivors (4096K)
 Metaspace       used 14230K, committed 14400K, reserved 1114112K
  class space    used 1572K, committed 1664K, reserved 1048576K
GC Heap History (6 events):
Event: 2.947 GC heap before
{Heap before GC invocations=0 (full 0):
 garbage-first heap   total 196608K, used 10240K [0x0000000741400000, 0x0000000800000000)
  region size 2048K, 6 young (12288K), 0 survivors (0K)
 Metaspace       used 3784K, committed 3968K, reserved 1114112K
  class space    used 390K, committed 512K, reserved 1048576K
}
Event: 2.955 GC heap after
{Heap after GC invocations=1 (full 0):
 garbage-first heap   total 196608K, used 5654K [0x0000000741400000, 0x0000000800000000)
  region size 2048K, 1 young (2048K), 1 survivors (2048K)
 Metaspace       used 3784K, committed 3968K, reserved 1114112K
  class space    used 390K, committed 512K, reserved 1048576K
}
Event: 4.306 GC heap before
{Heap before GC invocations=1 (full 0):
 garbage-first heap   total 196608K, used 11798K [0x0000000741400000, 0x0000000800000000)
  region size 2048K, 5 young (10240K), 1 survivors (2048K)
 Metaspace       used 6341K, committed 6592K, reserved 1114112K
  class space    used 648K, committed 768K, reserved 1048576K
}
Event: 4.311 GC heap after
{Heap after GC invocations=2 (full 0):
 garbage-first heap   total 196608K, used 6404K [0x0000000741400000, 0x0000000800000000)
  region size 2048K, 1 young (2048K), 1 survivors (2048K)
 Metaspace       used 6341K, committed 6592K, reserved 1114112K
  class space    used 648K, committed 768K, reserved 1048576K
}
Event: 8.086 GC heap before
{Heap before GC invocations=2 (full 0):
 garbage-first heap   total 196608K, used 33028K [0x0000000741400000, 0x0000000800000000)
  region size 2048K, 14 young (28672K), 1 survivors (2048K)
 Metaspace       used 13219K, committed 13504K, reserved 1114112K
  class space    used 1468K, committed 1600K, reserved 1048576K
}
Event: 8.098 GC heap after
{Heap after GC invocations=3 (full 0):
 garbage-first heap   total 196608K, used 9386K [0x0000000741400000, 0x0000000800000000)
  region size 2048K, 2 young (4096K), 2 survivors (4096K)
 Metaspace       used 13219K, committed 13504K, reserved 1114112K
  class space    used 1468K, committed 1600K, reserved 1048576K
}

