<?xml version="1.0" encoding="UTF-8"?>
<!-- Generated by org.testng.reporters.JUnitXMLReporter -->
<testsuite ignored="0" hostname="TRPL-PUN-0115" failures="10" tests="223" name="Default test" time="11748.198" errors="0" timestamp="2024-11-21T22:25:04 IST">
  <testcase classname="litigationCompanyAdmin.CompanyAdmin" name="@BeforeMethod Login" time="4.888">
    <failure type="org.openqa.selenium.NoSuchWindowException" message="no such window: target window already closed
from unknown error: web view not found
  (Session info: chrome=131.0.6778.85)
Build info: version: &amp;apos;3.141.0&amp;apos;, revision: &amp;apos;2ecb7d9a&amp;apos;, time: &amp;apos;2018-10-31T20:09:30&amp;apos;
System info: host: &amp;apos;TRPL-PUN-0115&amp;apos;, ip: &amp;apos;192.168.5.52&amp;apos;, os.name: &amp;apos;Windows 10&amp;apos;, os.arch: &amp;apos;amd64&amp;apos;, os.version: &amp;apos;10.0&amp;apos;, java.version: &amp;apos;20&amp;apos;
Driver info: org.openqa.selenium.chrome.ChromeDriver
Capabilities {acceptInsecureCerts: false, browserName: chrome, browserVersion: 131.0.6778.85, chrome: {chromedriverVersion: 131.0.6778.85 (3d81e41b6f3a..., userDataDir: C:\Users\snehalp\AppData\Lo...}, fedcm:accounts: true, goog:chromeOptions: {debuggerAddress: localhost:63815}, javascriptEnabled: true, networkConnectionEnabled: false, pageLoadStrategy: normal, platform: WINDOWS, platformName: WINDOWS, proxy: Proxy(), setWindowRect: true, strictFileInteractability: false, timeouts: {implicit: 0, pageLoad: 300000, script: 30000}, unhandledPromptBehavior: dismiss and notify, webauthn:extension:credBlob: true, webauthn:extension:largeBlob: true, webauthn:extension:minPinLength: true, webauthn:extension:prf: true, webauthn:virtualAuthenticators: true}
Session ID: c5a33d82408e0b6bfef456de3956d111
*** Element info: {Using=xpath, value=//input[@placeholder=&amp;apos;Username&amp;apos;]}">
      <![CDATA[org.openqa.selenium.NoSuchWindowException: no such window: target window already closed
from unknown error: web view not found
  (Session info: chrome=131.0.6778.85)
Build info: version: '3.141.0', revision: '2ecb7d9a', time: '2018-10-31T20:09:30'
System info: host: 'TRPL-PUN-0115', ip: '192.168.5.52', os.name: 'Windows 10', os.arch: 'amd64', os.version: '10.0', java.version: '20'
Driver info: org.openqa.selenium.chrome.ChromeDriver
Capabilities {acceptInsecureCerts: false, browserName: chrome, browserVersion: 131.0.6778.85, chrome: {chromedriverVersion: 131.0.6778.85 (3d81e41b6f3a..., userDataDir: C:\Users\snehalp\AppData\Lo...}, fedcm:accounts: true, goog:chromeOptions: {debuggerAddress: localhost:63815}, javascriptEnabled: true, networkConnectionEnabled: false, pageLoadStrategy: normal, platform: WINDOWS, platformName: WINDOWS, proxy: Proxy(), setWindowRect: true, strictFileInteractability: false, timeouts: {implicit: 0, pageLoad: 300000, script: 30000}, unhandledPromptBehavior: dismiss and notify, webauthn:extension:credBlob: true, webauthn:extension:largeBlob: true, webauthn:extension:minPinLength: true, webauthn:extension:prf: true, webauthn:virtualAuthenticators: true}
Session ID: c5a33d82408e0b6bfef456de3956d111
*** Element info: {Using=xpath, value=//input[@placeholder='Username']}
at java.base/jdk.internal.reflect.DirectConstructorHandleAccessor.newInstance(DirectConstructorHandleAccessor.java:67)
at java.base/java.lang.reflect.Constructor.newInstanceWithCaller(Constructor.java:500)
at java.base/java.lang.reflect.Constructor.newInstance(Constructor.java:484)
at org.openqa.selenium.remote.http.W3CHttpResponseCodec.createException(W3CHttpResponseCodec.java:187)
at org.openqa.selenium.remote.http.W3CHttpResponseCodec.decode(W3CHttpResponseCodec.java:122)
at org.openqa.selenium.remote.http.W3CHttpResponseCodec.decode(W3CHttpResponseCodec.java:49)
at org.openqa.selenium.remote.HttpCommandExecutor.execute(HttpCommandExecutor.java:158)
at org.openqa.selenium.remote.service.DriverCommandExecutor.execute(DriverCommandExecutor.java:83)
at org.openqa.selenium.remote.RemoteWebDriver.execute(RemoteWebDriver.java:552)
at org.openqa.selenium.remote.RemoteWebDriver.findElement(RemoteWebDriver.java:323)
at org.openqa.selenium.remote.RemoteWebDriver.findElementByXPath(RemoteWebDriver.java:428)
at org.openqa.selenium.By$ByXPath.findElement(By.java:353)
at org.openqa.selenium.remote.RemoteWebDriver.findElement(RemoteWebDriver.java:315)
at login.LoginPOM.setUname(LoginPOM.java:22)
at login.Login.UserLogin(Login.java:113)
at litigationCompanyAdmin.CompanyAdmin.Login(CompanyAdmin.java:85)
at java.base/jdk.internal.reflect.DirectMethodHandleAccessor.invoke(DirectMethodHandleAccessor.java:104)
at java.base/java.lang.reflect.Method.invoke(Method.java:578)
at org.testng.internal.MethodInvocationHelper.invokeMethod(MethodInvocationHelper.java:133)
at org.testng.internal.MethodInvocationHelper.invokeMethodConsideringTimeout(MethodInvocationHelper.java:62)
at org.testng.internal.ConfigInvoker.invokeConfigurationMethod(ConfigInvoker.java:385)
at org.testng.internal.ConfigInvoker.invokeConfigurations(ConfigInvoker.java:321)
at org.testng.internal.TestInvoker.runConfigMethods(TestInvoker.java:700)
at org.testng.internal.TestInvoker.invokeMethod(TestInvoker.java:527)
at org.testng.internal.TestInvoker.invokeTestMethod(TestInvoker.java:173)
at org.testng.internal.MethodRunner.runInSequence(MethodRunner.java:46)
at org.testng.internal.TestInvoker$MethodInvocationAgent.invoke(TestInvoker.java:824)
at org.testng.internal.TestInvoker.invokeTestMethods(TestInvoker.java:146)
at org.testng.internal.TestMethodWorker.invokeTestMethods(TestMethodWorker.java:146)
at org.testng.internal.TestMethodWorker.run(TestMethodWorker.java:128)
at java.base/java.util.ArrayList.forEach(ArrayList.java:1511)
at org.testng.TestRunner.privateRun(TestRunner.java:794)
at org.testng.TestRunner.run(TestRunner.java:596)
at org.testng.SuiteRunner.runTest(SuiteRunner.java:377)
at org.testng.SuiteRunner.runSequentially(SuiteRunner.java:371)
at org.testng.SuiteRunner.privateRun(SuiteRunner.java:332)
at org.testng.SuiteRunner.run(SuiteRunner.java:276)
at org.testng.SuiteRunnerWorker.runSuite(SuiteRunnerWorker.java:53)
at org.testng.SuiteRunnerWorker.run(SuiteRunnerWorker.java:96)
at org.testng.TestNG.runSuitesSequentially(TestNG.java:1212)
at org.testng.TestNG.runSuitesLocally(TestNG.java:1134)
at org.testng.TestNG.runSuites(TestNG.java:1063)
at org.testng.TestNG.run(TestNG.java:1031)
at org.testng.remote.AbstractRemoteTestNG.run(AbstractRemoteTestNG.java:115)
at org.testng.remote.RemoteTestNG.initAndRun(RemoteTestNG.java:251)
at org.testng.remote.RemoteTestNG.main(RemoteTestNG.java:77)
]]>
    </failure>
  </testcase> <!-- @BeforeMethod Login -->
  <testcase classname="litigationCompanyAdmin.CompanyAdmin" name="@AfterMethod Close" time="-1.732208102231E9">
    <skipped/>
  </testcase> <!-- @AfterMethod Close -->
  <testcase classname="litigationCompanyAdmin.CompanyAdmin" name="@BeforeMethod Login" time="-1.732208102235E9">
    <skipped/>
  </testcase> <!-- @BeforeMethod Login -->
  <testcase classname="litigationCompanyAdmin.CompanyAdmin" name="@AfterMethod Close" time="-1.732208102239E9">
    <skipped/>
  </testcase> <!-- @AfterMethod Close -->
  <testcase classname="litigationCompanyAdmin.CompanyAdmin" name="@BeforeMethod Login" time="-1.73220810224E9">
    <skipped/>
  </testcase> <!-- @BeforeMethod Login -->
  <testcase classname="litigationCompanyAdmin.CompanyAdmin" name="@AfterMethod Close" time="-1.732208102244E9">
    <skipped/>
  </testcase> <!-- @AfterMethod Close -->
  <testcase classname="litigationCompanyAdmin.CompanyAdmin" name="@BeforeMethod Login" time="-1.732208102245E9">
    <skipped/>
  </testcase> <!-- @BeforeMethod Login -->
  <testcase classname="litigationCompanyAdmin.CompanyAdmin" name="@AfterMethod Close" time="-1.732208102253E9">
    <skipped/>
  </testcase> <!-- @AfterMethod Close -->
  <testcase classname="litigationCompanyAdmin.CompanyAdmin" name="@BeforeMethod Login" time="-1.732208102258E9">
    <skipped/>
  </testcase> <!-- @BeforeMethod Login -->
  <testcase classname="litigationCompanyAdmin.CompanyAdmin" name="@AfterMethod Close" time="-1.732208102266E9">
    <skipped/>
  </testcase> <!-- @AfterMethod Close -->
  <testcase classname="litigationCompanyAdmin.CompanyAdmin" name="@BeforeMethod Login" time="-1.732208102269E9">
    <skipped/>
  </testcase> <!-- @BeforeMethod Login -->
  <testcase classname="litigationCompanyAdmin.CompanyAdmin" name="@AfterMethod Close" time="-1.732208102274E9">
    <skipped/>
  </testcase> <!-- @AfterMethod Close -->
  <testcase classname="litigationCompanyAdmin.CompanyAdmin" name="@BeforeMethod Login" time="-1.732208102276E9">
    <skipped/>
  </testcase> <!-- @BeforeMethod Login -->
  <testcase classname="litigationCompanyAdmin.CompanyAdmin" name="@AfterMethod Close" time="-1.732208102286E9">
    <skipped/>
  </testcase> <!-- @AfterMethod Close -->
  <testcase classname="litigationCompanyAdmin.CompanyAdmin" name="@BeforeMethod Login" time="-1.732208102288E9">
    <skipped/>
  </testcase> <!-- @BeforeMethod Login -->
  <testcase classname="litigationCompanyAdmin.CompanyAdmin" name="@AfterMethod Close" time="-1.732208102292E9">
    <skipped/>
  </testcase> <!-- @AfterMethod Close -->
  <testcase classname="litigationCompanyAdmin.CompanyAdmin" name="@BeforeMethod Login" time="-1.7322081023E9">
    <skipped/>
  </testcase> <!-- @BeforeMethod Login -->
  <testcase classname="litigationCompanyAdmin.CompanyAdmin" name="@AfterMethod Close" time="-1.732208102307E9">
    <skipped/>
  </testcase> <!-- @AfterMethod Close -->
  <testcase classname="litigationCompanyAdmin.CompanyAdmin" name="@BeforeMethod Login" time="-1.732208102353E9">
    <skipped/>
  </testcase> <!-- @BeforeMethod Login -->
  <testcase classname="litigationCompanyAdmin.CompanyAdmin" name="@AfterMethod Close" time="-1.732208102391E9">
    <skipped/>
  </testcase> <!-- @AfterMethod Close -->
  <testcase classname="litigationCompanyAdmin.CompanyAdmin" name="@BeforeMethod Login" time="-1.732208102393E9">
    <skipped/>
  </testcase> <!-- @BeforeMethod Login -->
  <testcase classname="litigationCompanyAdmin.CompanyAdmin" name="@AfterMethod Close" time="-1.73220810242E9">
    <skipped/>
  </testcase> <!-- @AfterMethod Close -->
  <testcase classname="litigationCompanyAdmin.CompanyAdmin" name="@BeforeMethod Login" time="-1.73220810244E9">
    <skipped/>
  </testcase> <!-- @BeforeMethod Login -->
  <testcase classname="litigationCompanyAdmin.CompanyAdmin" name="@AfterMethod Close" time="-1.732208102466E9">
    <skipped/>
  </testcase> <!-- @AfterMethod Close -->
  <testcase classname="litigationCompanyAdmin.CompanyAdmin" name="@BeforeMethod Login" time="-1.732208102468E9">
    <skipped/>
  </testcase> <!-- @BeforeMethod Login -->
  <testcase classname="litigationCompanyAdmin.CompanyAdmin" name="@AfterMethod Close" time="-1.732208102482E9">
    <skipped/>
  </testcase> <!-- @AfterMethod Close -->
  <testcase classname="litigationCompanyAdmin.CompanyAdmin" name="@BeforeMethod Login" time="-1.732208102484E9">
    <skipped/>
  </testcase> <!-- @BeforeMethod Login -->
  <testcase classname="litigationCompanyAdmin.CompanyAdmin" name="@AfterMethod Close" time="-1.732208102491E9">
    <skipped/>
  </testcase> <!-- @AfterMethod Close -->
  <testcase classname="litigationCompanyAdmin.CompanyAdmin" name="@BeforeMethod Login" time="-1.732208102509E9">
    <skipped/>
  </testcase> <!-- @BeforeMethod Login -->
  <testcase classname="litigationCompanyAdmin.CompanyAdmin" name="@AfterMethod Close" time="-1.732208102521E9">
    <skipped/>
  </testcase> <!-- @AfterMethod Close -->
  <testcase classname="litigationCompanyAdmin.CompanyAdmin" name="@BeforeMethod Login" time="-1.732208102524E9">
    <skipped/>
  </testcase> <!-- @BeforeMethod Login -->
  <testcase classname="litigationCompanyAdmin.CompanyAdmin" name="@AfterMethod Close" time="-1.73220810254E9">
    <skipped/>
  </testcase> <!-- @AfterMethod Close -->
  <testcase classname="litigationCompanyAdmin.CompanyAdmin" name="@BeforeMethod Login" time="-1.732208102545E9">
    <skipped/>
  </testcase> <!-- @BeforeMethod Login -->
  <testcase classname="litigationCompanyAdmin.CompanyAdmin" name="@AfterMethod Close" time="-1.732208102549E9">
    <skipped/>
  </testcase> <!-- @AfterMethod Close -->
  <testcase classname="litigationCompanyAdmin.CompanyAdmin" name="@BeforeMethod Login" time="-1.732208102551E9">
    <skipped/>
  </testcase> <!-- @BeforeMethod Login -->
  <testcase classname="litigationCompanyAdmin.CompanyAdmin" name="@AfterMethod Close" time="-1.732208102556E9">
    <skipped/>
  </testcase> <!-- @AfterMethod Close -->
  <testcase classname="litigationCompanyAdmin.CompanyAdmin" name="@BeforeMethod Login" time="-1.732208102564E9">
    <skipped/>
  </testcase> <!-- @BeforeMethod Login -->
  <testcase classname="litigationCompanyAdmin.CompanyAdmin" name="@AfterMethod Close" time="-1.732208102567E9">
    <skipped/>
  </testcase> <!-- @AfterMethod Close -->
  <testcase classname="litigationCompanyAdmin.CompanyAdmin" name="@BeforeMethod Login" time="-1.732208102569E9">
    <skipped/>
  </testcase> <!-- @BeforeMethod Login -->
  <testcase classname="litigationCompanyAdmin.CompanyAdmin" name="@AfterMethod Close" time="-1.732208102572E9">
    <skipped/>
  </testcase> <!-- @AfterMethod Close -->
  <testcase classname="litigationCompanyAdmin.CompanyAdmin" name="@BeforeMethod Login" time="-1.732208102577E9">
    <skipped/>
  </testcase> <!-- @BeforeMethod Login -->
  <testcase classname="litigationCompanyAdmin.CompanyAdmin" name="@AfterMethod Close" time="-1.732208102592E9">
    <skipped/>
  </testcase> <!-- @AfterMethod Close -->
  <testcase classname="litigationCompanyAdmin.CompanyAdmin" name="@BeforeMethod Login" time="-1.732208102599E9">
    <skipped/>
  </testcase> <!-- @BeforeMethod Login -->
  <testcase classname="litigationCompanyAdmin.CompanyAdmin" name="@AfterMethod Close" time="-1.732208102608E9">
    <skipped/>
  </testcase> <!-- @AfterMethod Close -->
  <testcase classname="litigationCompanyAdmin.CompanyAdmin" name="@BeforeMethod Login" time="-1.732208102609E9">
    <skipped/>
  </testcase> <!-- @BeforeMethod Login -->
  <testcase classname="litigationCompanyAdmin.CompanyAdmin" name="@AfterMethod Close" time="-1.73220810262E9">
    <skipped/>
  </testcase> <!-- @AfterMethod Close -->
  <testcase classname="litigationCompanyAdmin.CompanyAdmin" name="@BeforeMethod Login" time="-1.732208102633E9">
    <skipped/>
  </testcase> <!-- @BeforeMethod Login -->
  <testcase classname="litigationCompanyAdmin.CompanyAdmin" name="@AfterMethod Close" time="-1.732208102651E9">
    <skipped/>
  </testcase> <!-- @AfterMethod Close -->
  <testcase classname="litigationCompanyAdmin.CompanyAdmin" name="@BeforeMethod Login" time="-1.732208102652E9">
    <skipped/>
  </testcase> <!-- @BeforeMethod Login -->
  <testcase classname="litigationCompanyAdmin.CompanyAdmin" name="@AfterMethod Close" time="-1.732208102657E9">
    <skipped/>
  </testcase> <!-- @AfterMethod Close -->
  <testcase classname="litigationCompanyAdmin.CompanyAdmin" name="@BeforeMethod Login" time="-1.732208102659E9">
    <skipped/>
  </testcase> <!-- @BeforeMethod Login -->
  <testcase classname="litigationCompanyAdmin.CompanyAdmin" name="@AfterMethod Close" time="-1.732208102665E9">
    <skipped/>
  </testcase> <!-- @AfterMethod Close -->
  <testcase classname="litigationCompanyAdmin.CompanyAdmin" name="@BeforeMethod Login" time="-1.732208102704E9">
    <skipped/>
  </testcase> <!-- @BeforeMethod Login -->
  <testcase classname="litigationCompanyAdmin.CompanyAdmin" name="@AfterMethod Close" time="-1.732208102708E9">
    <skipped/>
  </testcase> <!-- @AfterMethod Close -->
  <testcase classname="litigationCompanyAdmin.CompanyAdmin" name="@BeforeMethod Login" time="-1.732208102709E9">
    <skipped/>
  </testcase> <!-- @BeforeMethod Login -->
  <testcase classname="litigationCompanyAdmin.CompanyAdmin" name="@AfterMethod Close" time="-1.732208102713E9">
    <skipped/>
  </testcase> <!-- @AfterMethod Close -->
  <testcase classname="litigationCompanyAdmin.CompanyAdmin" name="@BeforeMethod Login" time="-1.732208102715E9">
    <skipped/>
  </testcase> <!-- @BeforeMethod Login -->
  <testcase classname="litigationCompanyAdmin.CompanyAdmin" name="@AfterMethod Close" time="-1.732208102719E9">
    <skipped/>
  </testcase> <!-- @AfterMethod Close -->
  <testcase classname="litigationCompanyAdmin.CompanyAdmin" name="@BeforeMethod Login" time="-1.732208102722E9">
    <skipped/>
  </testcase> <!-- @BeforeMethod Login -->
  <testcase classname="litigationCompanyAdmin.CompanyAdmin" name="@AfterMethod Close" time="-1.732208102728E9">
    <skipped/>
  </testcase> <!-- @AfterMethod Close -->
  <testcase classname="litigationCompanyAdmin.CompanyAdmin" name="@BeforeMethod Login" time="-1.732208102739E9">
    <skipped/>
  </testcase> <!-- @BeforeMethod Login -->
  <testcase classname="litigationCompanyAdmin.CompanyAdmin" name="@AfterMethod Close" time="-1.732208102743E9">
    <skipped/>
  </testcase> <!-- @AfterMethod Close -->
  <testcase classname="litigationCompanyAdmin.CompanyAdmin" name="@BeforeMethod Login" time="-1.732208102753E9">
    <skipped/>
  </testcase> <!-- @BeforeMethod Login -->
  <testcase classname="litigationCompanyAdmin.CompanyAdmin" name="@AfterMethod Close" time="-1.732208102773E9">
    <skipped/>
  </testcase> <!-- @AfterMethod Close -->
  <testcase classname="litigationCompanyAdmin.CompanyAdmin" name="@BeforeMethod Login" time="-1.7322081028E9">
    <skipped/>
  </testcase> <!-- @BeforeMethod Login -->
  <testcase classname="litigationCompanyAdmin.CompanyAdmin" name="@AfterMethod Close" time="-1.732208102803E9">
    <skipped/>
  </testcase> <!-- @AfterMethod Close -->
  <testcase classname="litigationCompanyAdmin.CompanyAdmin" name="@BeforeMethod Login" time="-1.732208102805E9">
    <skipped/>
  </testcase> <!-- @BeforeMethod Login -->
  <testcase classname="litigationCompanyAdmin.CompanyAdmin" name="@AfterMethod Close" time="-1.732208102809E9">
    <skipped/>
  </testcase> <!-- @AfterMethod Close -->
  <testcase classname="litigationCompanyAdmin.CompanyAdmin" name="@BeforeMethod Login" time="-1.73220810281E9">
    <skipped/>
  </testcase> <!-- @BeforeMethod Login -->
  <testcase classname="litigationCompanyAdmin.CompanyAdmin" name="@AfterMethod Close" time="-1.732208102815E9">
    <skipped/>
  </testcase> <!-- @AfterMethod Close -->
  <testcase classname="litigationCompanyAdmin.CompanyAdmin" name="@BeforeMethod Login" time="-1.732208102817E9">
    <skipped/>
  </testcase> <!-- @BeforeMethod Login -->
  <testcase classname="litigationCompanyAdmin.CompanyAdmin" name="@AfterMethod Close" time="-1.732208102821E9">
    <skipped/>
  </testcase> <!-- @AfterMethod Close -->
  <testcase classname="litigationCompanyAdmin.CompanyAdmin" name="@BeforeMethod Login" time="-1.732208102823E9">
    <skipped/>
  </testcase> <!-- @BeforeMethod Login -->
  <testcase classname="litigationCompanyAdmin.CompanyAdmin" name="@AfterMethod Close" time="-1.732208102828E9">
    <skipped/>
  </testcase> <!-- @AfterMethod Close -->
  <testcase classname="litigationCompanyAdmin.CompanyAdmin" name="@BeforeMethod Login" time="-1.732208102832E9">
    <skipped/>
  </testcase> <!-- @BeforeMethod Login -->
  <testcase classname="litigationCompanyAdmin.CompanyAdmin" name="@AfterMethod Close" time="-1.732208102836E9">
    <skipped/>
  </testcase> <!-- @AfterMethod Close -->
  <testcase classname="litigationCompanyAdmin.CompanyAdmin" name="@BeforeMethod Login" time="-1.732208102838E9">
    <skipped/>
  </testcase> <!-- @BeforeMethod Login -->
  <testcase classname="litigationCompanyAdmin.CompanyAdmin" name="@AfterMethod Close" time="-1.732208102896E9">
    <skipped/>
  </testcase> <!-- @AfterMethod Close -->
  <testcase classname="litigationCompanyAdmin.CompanyAdmin" name="@BeforeMethod Login" time="-1.732208102898E9">
    <skipped/>
  </testcase> <!-- @BeforeMethod Login -->
  <testcase classname="litigationCompanyAdmin.CompanyAdmin" name="@AfterMethod Close" time="-1.732208102902E9">
    <skipped/>
  </testcase> <!-- @AfterMethod Close -->
  <testcase classname="litigationCompanyAdmin.CompanyAdmin" name="@BeforeMethod Login" time="-1.732208102904E9">
    <skipped/>
  </testcase> <!-- @BeforeMethod Login -->
  <testcase classname="litigationCompanyAdmin.CompanyAdmin" name="@AfterMethod Close" time="-1.732208102908E9">
    <skipped/>
  </testcase> <!-- @AfterMethod Close -->
  <testcase classname="litigationCompanyAdmin.CompanyAdmin" name="@BeforeMethod Login" time="-1.732208102909E9">
    <skipped/>
  </testcase> <!-- @BeforeMethod Login -->
  <testcase classname="litigationCompanyAdmin.CompanyAdmin" name="@AfterMethod Close" time="-1.732208102913E9">
    <skipped/>
  </testcase> <!-- @AfterMethod Close -->
  <testcase classname="litigationCompanyAdmin.CompanyAdmin" name="@BeforeMethod Login" time="-1.732208102915E9">
    <skipped/>
  </testcase> <!-- @BeforeMethod Login -->
  <testcase classname="litigationCompanyAdmin.CompanyAdmin" name="@AfterMethod Close" time="-1.732208102917E9">
    <skipped/>
  </testcase> <!-- @AfterMethod Close -->
  <testcase classname="litigationCompanyAdmin.CompanyAdmin" name="@BeforeMethod Login" time="-1.732208102919E9">
    <skipped/>
  </testcase> <!-- @BeforeMethod Login -->
  <testcase classname="litigationCompanyAdmin.CompanyAdmin" name="@AfterMethod Close" time="-1.732208102923E9">
    <skipped/>
  </testcase> <!-- @AfterMethod Close -->
  <testcase classname="litigationCompanyAdmin.CompanyAdmin" name="@BeforeMethod Login" time="-1.732208102924E9">
    <skipped/>
  </testcase> <!-- @BeforeMethod Login -->
  <testcase classname="litigationCompanyAdmin.CompanyAdmin" name="@AfterMethod Close" time="-1.732208102927E9">
    <skipped/>
  </testcase> <!-- @AfterMethod Close -->
  <testcase classname="litigationCompanyAdmin.CompanyAdmin" name="@BeforeMethod Login" time="-1.73220810293E9">
    <skipped/>
  </testcase> <!-- @BeforeMethod Login -->
  <testcase classname="litigationCompanyAdmin.CompanyAdmin" name="@AfterMethod Close" time="-1.732208102933E9">
    <skipped/>
  </testcase> <!-- @AfterMethod Close -->
  <testcase classname="litigationCompanyAdmin.CompanyAdmin" name="@BeforeMethod Login" time="-1.732208102943E9">
    <skipped/>
  </testcase> <!-- @BeforeMethod Login -->
  <testcase classname="litigationCompanyAdmin.CompanyAdmin" name="@AfterMethod Close" time="-1.732208102948E9">
    <skipped/>
  </testcase> <!-- @AfterMethod Close -->
  <testcase classname="litigationCompanyAdmin.CompanyAdmin" name="@BeforeMethod Login" time="-1.732208102949E9">
    <skipped/>
  </testcase> <!-- @BeforeMethod Login -->
  <testcase classname="litigationCompanyAdmin.CompanyAdmin" name="@AfterMethod Close" time="-1.732208102956E9">
    <skipped/>
  </testcase> <!-- @AfterMethod Close -->
  <testcase classname="litigationCompanyAdmin.CompanyAdmin" name="@BeforeMethod Login" time="-1.73220810296E9">
    <skipped/>
  </testcase> <!-- @BeforeMethod Login -->
  <testcase classname="litigationCompanyAdmin.CompanyAdmin" name="@AfterMethod Close" time="-1.73220810297E9">
    <skipped/>
  </testcase> <!-- @AfterMethod Close -->
  <testcase classname="litigationCompanyAdmin.CompanyAdmin" name="@BeforeMethod Login" time="-1.732208102973E9">
    <skipped/>
  </testcase> <!-- @BeforeMethod Login -->
  <testcase classname="litigationCompanyAdmin.CompanyAdmin" name="@AfterMethod Close" time="-1.732208102998E9">
    <skipped/>
  </testcase> <!-- @AfterMethod Close -->
  <testcase classname="litigationCompanyAdmin.CompanyAdmin" name="@BeforeMethod Login" time="-1.732208103E9">
    <skipped/>
  </testcase> <!-- @BeforeMethod Login -->
  <testcase classname="litigationCompanyAdmin.CompanyAdmin" name="@AfterMethod Close" time="-1.732208103004E9">
    <skipped/>
  </testcase> <!-- @AfterMethod Close -->
  <testcase classname="litigationCompanyAdmin.CompanyAdmin" name="@BeforeMethod Login" time="-1.732208103012E9">
    <skipped/>
  </testcase> <!-- @BeforeMethod Login -->
  <testcase classname="litigationCompanyAdmin.CompanyAdmin" name="@AfterMethod Close" time="-1.732208103018E9">
    <skipped/>
  </testcase> <!-- @AfterMethod Close -->
  <testcase classname="litigationCompanyAdmin.CompanyAdmin" name="@BeforeMethod Login" time="-1.732208103019E9">
    <skipped/>
  </testcase> <!-- @BeforeMethod Login -->
  <testcase classname="litigationCompanyAdmin.CompanyAdmin" name="@AfterMethod Close" time="-1.732208103065E9">
    <skipped/>
  </testcase> <!-- @AfterMethod Close -->
  <testcase classname="litigationCompanyAdmin.CompanyAdmin" name="@BeforeMethod Login" time="-1.732208103068E9">
    <skipped/>
  </testcase> <!-- @BeforeMethod Login -->
  <testcase classname="litigationCompanyAdmin.CompanyAdmin" name="@AfterMethod Close" time="-1.732208103073E9">
    <skipped/>
  </testcase> <!-- @AfterMethod Close -->
  <testcase classname="litigationCompanyAdmin.CompanyAdmin" name="@BeforeMethod Login" time="-1.732208103075E9">
    <skipped/>
  </testcase> <!-- @BeforeMethod Login -->
  <testcase classname="litigationCompanyAdmin.CompanyAdmin" name="@AfterMethod Close" time="-1.732208103083E9">
    <skipped/>
  </testcase> <!-- @AfterMethod Close -->
  <testcase classname="litigationCompanyAdmin.CompanyAdmin" name="@BeforeMethod Login" time="-1.732208103084E9">
    <skipped/>
  </testcase> <!-- @BeforeMethod Login -->
  <testcase classname="litigationCompanyAdmin.CompanyAdmin" name="@AfterMethod Close" time="-1.732208103086E9">
    <skipped/>
  </testcase> <!-- @AfterMethod Close -->
  <testcase classname="litigationCompanyAdmin.CompanyAdmin" name="@BeforeMethod Login" time="-1.732208103087E9">
    <skipped/>
  </testcase> <!-- @BeforeMethod Login -->
  <testcase classname="litigationCompanyAdmin.CompanyAdmin" name="@AfterMethod Close" time="-1.732208103092E9">
    <skipped/>
  </testcase> <!-- @AfterMethod Close -->
  <testcase classname="litigationCompanyAdmin.CompanyAdmin" name="@BeforeMethod Login" time="-1.732208103093E9">
    <skipped/>
  </testcase> <!-- @BeforeMethod Login -->
  <testcase classname="litigationCompanyAdmin.CompanyAdmin" name="@AfterMethod Close" time="-1.732208103097E9">
    <skipped/>
  </testcase> <!-- @AfterMethod Close -->
  <testcase classname="litigationCompanyAdmin.CompanyAdmin" name="@BeforeMethod Login" time="-1.732208103099E9">
    <skipped/>
  </testcase> <!-- @BeforeMethod Login -->
  <testcase classname="litigationCompanyAdmin.CompanyAdmin" name="@AfterMethod Close" time="-1.732208103102E9">
    <skipped/>
  </testcase> <!-- @AfterMethod Close -->
  <testcase classname="litigationCompanyAdmin.CompanyAdmin" name="@BeforeMethod Login" time="-1.732208103103E9">
    <skipped/>
  </testcase> <!-- @BeforeMethod Login -->
  <testcase classname="litigationCompanyAdmin.CompanyAdmin" name="@AfterMethod Close" time="-1.732208103109E9">
    <skipped/>
  </testcase> <!-- @AfterMethod Close -->
  <testcase classname="litigationCompanyAdmin.CompanyAdmin" name="@BeforeMethod Login" time="-1.732208103153E9">
    <skipped/>
  </testcase> <!-- @BeforeMethod Login -->
  <testcase classname="litigationCompanyAdmin.CompanyAdmin" name="@AfterMethod Close" time="-1.732208103162E9">
    <skipped/>
  </testcase> <!-- @AfterMethod Close -->
  <testcase classname="litigationCompanyAdmin.CompanyAdmin" name="@BeforeMethod Login" time="-1.732208103166E9">
    <skipped/>
  </testcase> <!-- @BeforeMethod Login -->
  <testcase classname="litigationCompanyAdmin.CompanyAdmin" name="@AfterMethod Close" time="-1.732208103169E9">
    <skipped/>
  </testcase> <!-- @AfterMethod Close -->
  <testcase classname="litigationCompanyAdmin.CompanyAdmin" name="@BeforeMethod Login" time="-1.73220810317E9">
    <skipped/>
  </testcase> <!-- @BeforeMethod Login -->
  <testcase classname="litigationCompanyAdmin.CompanyAdmin" name="@AfterMethod Close" time="-1.732208103172E9">
    <skipped/>
  </testcase> <!-- @AfterMethod Close -->
  <testcase classname="litigationCompanyAdmin.CompanyAdmin" name="@BeforeMethod Login" time="-1.732208103173E9">
    <skipped/>
  </testcase> <!-- @BeforeMethod Login -->
  <testcase classname="litigationCompanyAdmin.CompanyAdmin" name="@AfterMethod Close" time="-1.732208103175E9">
    <skipped/>
  </testcase> <!-- @AfterMethod Close -->
  <testcase classname="litigationCompanyAdmin.CompanyAdmin" name="@BeforeMethod Login" time="-1.732208103176E9">
    <skipped/>
  </testcase> <!-- @BeforeMethod Login -->
  <testcase classname="litigationCompanyAdmin.CompanyAdmin" name="@AfterMethod Close" time="-1.732208103179E9">
    <skipped/>
  </testcase> <!-- @AfterMethod Close -->
  <testcase classname="litigationCompanyAdmin.CompanyAdmin" name="@BeforeMethod Login" time="-1.732208103181E9">
    <skipped/>
  </testcase> <!-- @BeforeMethod Login -->
  <testcase classname="litigationCompanyAdmin.CompanyAdmin" name="@AfterMethod Close" time="-1.732208103185E9">
    <skipped/>
  </testcase> <!-- @AfterMethod Close -->
  <testcase classname="litigationCompanyAdmin.CompanyAdmin" name="@BeforeMethod Login" time="-1.732208103186E9">
    <skipped/>
  </testcase> <!-- @BeforeMethod Login -->
  <testcase classname="litigationCompanyAdmin.CompanyAdmin" name="@AfterMethod Close" time="-1.732208103189E9">
    <skipped/>
  </testcase> <!-- @AfterMethod Close -->
  <testcase classname="litigationCompanyAdmin.CompanyAdmin" name="@BeforeMethod Login" time="-1.732208103189E9">
    <skipped/>
  </testcase> <!-- @BeforeMethod Login -->
  <testcase classname="litigationCompanyAdmin.CompanyAdmin" name="@AfterMethod Close" time="-1.732208103193E9">
    <skipped/>
  </testcase> <!-- @AfterMethod Close -->
  <testcase classname="litigationCompanyAdmin.CompanyAdmin" name="@BeforeMethod Login" time="-1.732208103194E9">
    <skipped/>
  </testcase> <!-- @BeforeMethod Login -->
  <testcase classname="litigationCompanyAdmin.CompanyAdmin" name="@AfterMethod Close" time="-1.732208103217E9">
    <skipped/>
  </testcase> <!-- @AfterMethod Close -->
  <testcase classname="litigationCompanyAdmin.CompanyAdmin" name="@BeforeMethod Login" time="-1.732208103218E9">
    <skipped/>
  </testcase> <!-- @BeforeMethod Login -->
  <testcase classname="litigationCompanyAdmin.CompanyAdmin" name="@AfterMethod Close" time="-1.73220810322E9">
    <skipped/>
  </testcase> <!-- @AfterMethod Close -->
  <testcase classname="litigationCompanyAdmin.CompanyAdmin" name="@BeforeMethod Login" time="-1.732208103222E9">
    <skipped/>
  </testcase> <!-- @BeforeMethod Login -->
  <testcase classname="litigationCompanyAdmin.CompanyAdmin" name="@AfterMethod Close" time="-1.732208103226E9">
    <skipped/>
  </testcase> <!-- @AfterMethod Close -->
  <testcase classname="litigationCompanyAdmin.CompanyAdmin" name="@BeforeMethod Login" time="-1.732208103227E9">
    <skipped/>
  </testcase> <!-- @BeforeMethod Login -->
  <testcase classname="litigationCompanyAdmin.CompanyAdmin" name="@AfterMethod Close" time="-1.732208103232E9">
    <skipped/>
  </testcase> <!-- @AfterMethod Close -->
  <testcase classname="litigationCompanyAdmin.CompanyAdmin" name="@BeforeMethod Login" time="-1.732208103234E9">
    <skipped/>
  </testcase> <!-- @BeforeMethod Login -->
  <testcase classname="litigationCompanyAdmin.CompanyAdmin" name="@AfterMethod Close" time="-1.732208103237E9">
    <skipped/>
  </testcase> <!-- @AfterMethod Close -->
  <testcase classname="litigationCompanyAdmin.CompanyAdmin" name="@BeforeMethod Login" time="-1.732208103239E9">
    <skipped/>
  </testcase> <!-- @BeforeMethod Login -->
  <testcase classname="litigationCompanyAdmin.CompanyAdmin" name="@AfterMethod Close" time="-1.732208103242E9">
    <skipped/>
  </testcase> <!-- @AfterMethod Close -->
  <testcase classname="litigationCompanyAdmin.CompanyAdmin" name="@BeforeMethod Login" time="-1.732208103243E9">
    <skipped/>
  </testcase> <!-- @BeforeMethod Login -->
  <testcase classname="litigationCompanyAdmin.CompanyAdmin" name="@AfterMethod Close" time="-1.732208103245E9">
    <skipped/>
  </testcase> <!-- @AfterMethod Close -->
  <testcase classname="litigationCompanyAdmin.CompanyAdmin" name="@BeforeMethod Login" time="-1.732208103248E9">
    <skipped/>
  </testcase> <!-- @BeforeMethod Login -->
  <testcase classname="litigationCompanyAdmin.CompanyAdmin" name="@AfterMethod Close" time="-1.732208103253E9">
    <skipped/>
  </testcase> <!-- @AfterMethod Close -->
  <testcase classname="litigationCompanyAdmin.CompanyAdmin" name="@BeforeMethod Login" time="-1.732208103256E9">
    <skipped/>
  </testcase> <!-- @BeforeMethod Login -->
  <testcase classname="litigationCompanyAdmin.CompanyAdmin" name="@AfterMethod Close" time="-1.732208103284E9">
    <skipped/>
  </testcase> <!-- @AfterMethod Close -->
  <testcase classname="litigationCompanyAdmin.CompanyAdmin" name="@BeforeMethod Login" time="-1.732208103288E9">
    <skipped/>
  </testcase> <!-- @BeforeMethod Login -->
  <testcase classname="litigationCompanyAdmin.CompanyAdmin" name="@AfterMethod Close" time="-1.732208103291E9">
    <skipped/>
  </testcase> <!-- @AfterMethod Close -->
  <testcase classname="litigationCompanyAdmin.CompanyAdmin" name="@BeforeMethod Login" time="-1.732208103292E9">
    <skipped/>
  </testcase> <!-- @BeforeMethod Login -->
  <testcase classname="litigationCompanyAdmin.CompanyAdmin" name="@AfterMethod Close" time="-1.7322081033E9">
    <skipped/>
  </testcase> <!-- @AfterMethod Close -->
  <testcase classname="litigationCompanyAdmin.CompanyAdmin" name="@BeforeMethod Login" time="-1.732208103302E9">
    <skipped/>
  </testcase> <!-- @BeforeMethod Login -->
  <testcase classname="litigationCompanyAdmin.CompanyAdmin" name="@AfterMethod Close" time="-1.732208103312E9">
    <skipped/>
  </testcase> <!-- @AfterMethod Close -->
  <testcase classname="litigationCompanyAdmin.CompanyAdmin" name="@BeforeMethod Login" time="-1.732208103315E9">
    <skipped/>
  </testcase> <!-- @BeforeMethod Login -->
  <testcase classname="litigationCompanyAdmin.CompanyAdmin" name="@AfterMethod Close" time="-1.732208103317E9">
    <skipped/>
  </testcase> <!-- @AfterMethod Close -->
  <testcase classname="litigationCompanyAdmin.CompanyAdmin" name="@BeforeMethod Login" time="-1.732208103319E9">
    <skipped/>
  </testcase> <!-- @BeforeMethod Login -->
  <testcase classname="litigationCompanyAdmin.CompanyAdmin" name="@AfterMethod Close" time="-1.732208103321E9">
    <skipped/>
  </testcase> <!-- @AfterMethod Close -->
  <testcase classname="litigationCompanyAdmin.CompanyAdmin" name="@BeforeMethod Login" time="-1.732208103322E9">
    <skipped/>
  </testcase> <!-- @BeforeMethod Login -->
  <testcase classname="litigationCompanyAdmin.CompanyAdmin" name="@AfterMethod Close" time="-1.732208103325E9">
    <skipped/>
  </testcase> <!-- @AfterMethod Close -->
  <testcase classname="litigationCompanyAdmin.CompanyAdmin" name="@BeforeMethod Login" time="-1.732208103326E9">
    <skipped/>
  </testcase> <!-- @BeforeMethod Login -->
  <testcase classname="litigationCompanyAdmin.CompanyAdmin" name="@AfterMethod Close" time="-1.732208103329E9">
    <skipped/>
  </testcase> <!-- @AfterMethod Close -->
  <testcase classname="litigationCompanyAdmin.CompanyAdmin" name="@BeforeMethod Login" time="-1.732208103331E9">
    <skipped/>
  </testcase> <!-- @BeforeMethod Login -->
  <testcase classname="litigationCompanyAdmin.CompanyAdmin" name="@AfterMethod Close" time="-1.732208103334E9">
    <skipped/>
  </testcase> <!-- @AfterMethod Close -->
  <testcase classname="litigationCompanyAdmin.CompanyAdmin" name="@BeforeMethod Login" time="-1.732208103335E9">
    <skipped/>
  </testcase> <!-- @BeforeMethod Login -->
  <testcase classname="litigationCompanyAdmin.CompanyAdmin" name="@AfterMethod Close" time="-1.732208103338E9">
    <skipped/>
  </testcase> <!-- @AfterMethod Close -->
  <testcase classname="litigationCompanyAdmin.CompanyAdmin" name="@BeforeMethod Login" time="-1.73220810334E9">
    <skipped/>
  </testcase> <!-- @BeforeMethod Login -->
  <testcase classname="litigationCompanyAdmin.CompanyAdmin" name="@AfterMethod Close" time="-1.732208103344E9">
    <skipped/>
  </testcase> <!-- @AfterMethod Close -->
  <testcase classname="litigationCompanyAdmin.CompanyAdmin" name="@BeforeMethod Login" time="-1.73220810335E9">
    <skipped/>
  </testcase> <!-- @BeforeMethod Login -->
  <testcase classname="litigationCompanyAdmin.CompanyAdmin" name="@AfterMethod Close" time="-1.73220810336E9">
    <skipped/>
  </testcase> <!-- @AfterMethod Close -->
  <testcase classname="litigationCompanyAdmin.CompanyAdmin" name="@BeforeMethod Login" time="-1.732208103362E9">
    <skipped/>
  </testcase> <!-- @BeforeMethod Login -->
  <testcase classname="litigationCompanyAdmin.CompanyAdmin" name="@AfterMethod Close" time="-1.732208103368E9">
    <skipped/>
  </testcase> <!-- @AfterMethod Close -->
  <testcase classname="litigationCompanyAdmin.CompanyAdmin" name="@BeforeMethod Login" time="-1.73220810337E9">
    <skipped/>
  </testcase> <!-- @BeforeMethod Login -->
  <testcase classname="litigationCompanyAdmin.CompanyAdmin" name="@AfterMethod Close" time="-1.732208103379E9">
    <skipped/>
  </testcase> <!-- @AfterMethod Close -->
  <testcase classname="litigationCompanyAdmin.CompanyAdmin" name="@BeforeMethod Login" time="-1.732208103384E9">
    <skipped/>
  </testcase> <!-- @BeforeMethod Login -->
  <testcase classname="litigationCompanyAdmin.CompanyAdmin" name="@AfterMethod Close" time="-1.732208103388E9">
    <skipped/>
  </testcase> <!-- @AfterMethod Close -->
  <testcase classname="litigationCompanyAdmin.CompanyAdmin" name="@BeforeMethod Login" time="-1.73220810339E9">
    <skipped/>
  </testcase> <!-- @BeforeMethod Login -->
  <testcase classname="litigationCompanyAdmin.CompanyAdmin" name="@AfterMethod Close" time="-1.732208103393E9">
    <skipped/>
  </testcase> <!-- @AfterMethod Close -->
  <testcase classname="litigationCompanyAdmin.CompanyAdmin" name="@BeforeMethod Login" time="-1.732208103399E9">
    <skipped/>
  </testcase> <!-- @BeforeMethod Login -->
  <testcase classname="litigationCompanyAdmin.CompanyAdmin" name="@AfterMethod Close" time="-1.732208103406E9">
    <skipped/>
  </testcase> <!-- @AfterMethod Close -->
  <testcase classname="litigationCompanyAdmin.CompanyAdmin" name="@BeforeMethod Login" time="-1.732208103408E9">
    <skipped/>
  </testcase> <!-- @BeforeMethod Login -->
  <testcase classname="litigationCompanyAdmin.CompanyAdmin" name="@AfterMethod Close" time="-1.732208103419E9">
    <skipped/>
  </testcase> <!-- @AfterMethod Close -->
  <testcase classname="litigationCompanyAdmin.CompanyAdmin" name="@BeforeMethod Login" time="-1.732208103422E9">
    <skipped/>
  </testcase> <!-- @BeforeMethod Login -->
  <testcase classname="litigationCompanyAdmin.CompanyAdmin" name="@AfterMethod Close" time="-1.732208103425E9">
    <skipped/>
  </testcase> <!-- @AfterMethod Close -->
  <testcase classname="litigationCompanyAdmin.CompanyAdmin" name="@BeforeMethod Login" time="-1.732208103428E9">
    <skipped/>
  </testcase> <!-- @BeforeMethod Login -->
  <testcase classname="litigationCompanyAdmin.CompanyAdmin" name="@AfterMethod Close" time="-1.732208103437E9">
    <skipped/>
  </testcase> <!-- @AfterMethod Close -->
  <testcase classname="litigationCompanyAdmin.CompanyAdmin" name="@BeforeMethod Login" time="-1.732208103438E9">
    <skipped/>
  </testcase> <!-- @BeforeMethod Login -->
  <testcase classname="litigationCompanyAdmin.CompanyAdmin" name="@AfterMethod Close" time="-1.732208103441E9">
    <skipped/>
  </testcase> <!-- @AfterMethod Close -->
  <testcase classname="litigationCompanyAdmin.CompanyAdmin" name="@BeforeMethod Login" time="-1.732208103443E9">
    <skipped/>
  </testcase> <!-- @BeforeMethod Login -->
  <testcase classname="litigationCompanyAdmin.CompanyAdmin" name="@AfterMethod Close" time="-1.732208103447E9">
    <skipped/>
  </testcase> <!-- @AfterMethod Close -->
  <testcase classname="litigationCompanyAdmin.CompanyAdmin" name="@BeforeMethod Login" time="-1.732208103448E9">
    <skipped/>
  </testcase> <!-- @BeforeMethod Login -->
  <testcase classname="litigationCompanyAdmin.CompanyAdmin" name="@AfterMethod Close" time="-1.732208103452E9">
    <skipped/>
  </testcase> <!-- @AfterMethod Close -->
  <testcase classname="litigationCompanyAdmin.CompanyAdmin" name="@BeforeMethod Login" time="-1.732208103453E9">
    <skipped/>
  </testcase> <!-- @BeforeMethod Login -->
  <testcase classname="litigationCompanyAdmin.CompanyAdmin" name="@AfterMethod Close" time="-1.732208103457E9">
    <skipped/>
  </testcase> <!-- @AfterMethod Close -->
  <testcase classname="litigationCompanyAdmin.CompanyAdmin" name="@BeforeMethod Login" time="-1.732208103457E9">
    <skipped/>
  </testcase> <!-- @BeforeMethod Login -->
  <testcase classname="litigationCompanyAdmin.CompanyAdmin" name="@AfterMethod Close" time="-1.73220810346E9">
    <skipped/>
  </testcase> <!-- @AfterMethod Close -->
  <testcase classname="litigationCompanyAdmin.CompanyAdmin" name="@BeforeMethod Login" time="-1.732208103461E9">
    <skipped/>
  </testcase> <!-- @BeforeMethod Login -->
  <testcase classname="litigationCompanyAdmin.CompanyAdmin" name="@AfterMethod Close" time="-1.732208103465E9">
    <skipped/>
  </testcase> <!-- @AfterMethod Close -->
  <testcase classname="litigationCompanyAdmin.CompanyAdmin" name="@BeforeMethod Login" time="-1.732208103465E9">
    <skipped/>
  </testcase> <!-- @BeforeMethod Login -->
  <testcase classname="litigationCompanyAdmin.CompanyAdmin" name="@AfterMethod Close" time="-1.732208103468E9">
    <skipped/>
  </testcase> <!-- @AfterMethod Close -->
  <testcase classname="litigationCompanyAdmin.CompanyAdmin" name="@BeforeMethod Login" time="-1.732208103469E9">
    <skipped/>
  </testcase> <!-- @BeforeMethod Login -->
  <testcase classname="litigationCompanyAdmin.CompanyAdmin" name="@AfterMethod Close" time="-1.732208103474E9">
    <skipped/>
  </testcase> <!-- @AfterMethod Close -->
  <testcase classname="litigationCompanyAdmin.CompanyAdmin" name="@BeforeMethod Login" time="-1.732208103475E9">
    <skipped/>
  </testcase> <!-- @BeforeMethod Login -->
  <testcase classname="litigationCompanyAdmin.CompanyAdmin" name="@AfterMethod Close" time="-1.732208103477E9">
    <skipped/>
  </testcase> <!-- @AfterMethod Close -->
  <testcase classname="litigationCompanyAdmin.CompanyAdmin" name="@BeforeMethod Login" time="-1.732208103478E9">
    <skipped/>
  </testcase> <!-- @BeforeMethod Login -->
  <testcase classname="litigationCompanyAdmin.CompanyAdmin" name="@AfterMethod Close" time="-1.732208103482E9">
    <skipped/>
  </testcase> <!-- @AfterMethod Close -->
  <testcase classname="litigationCompanyAdmin.CompanyAdmin" name="@BeforeMethod Login" time="-1.732208103483E9">
    <skipped/>
  </testcase> <!-- @BeforeMethod Login -->
  <testcase classname="litigationCompanyAdmin.CompanyAdmin" name="@AfterMethod Close" time="-1.732208103486E9">
    <skipped/>
  </testcase> <!-- @AfterMethod Close -->
  <testcase classname="litigationCompanyAdmin.CompanyAdmin" name="@BeforeMethod Login" time="-1.732208103488E9">
    <skipped/>
  </testcase> <!-- @BeforeMethod Login -->
  <testcase classname="litigationCompanyAdmin.CompanyAdmin" name="@AfterMethod Close" time="-1.732208103495E9">
    <skipped/>
  </testcase> <!-- @AfterMethod Close -->
  <testcase classname="litigationCompanyAdmin.CompanyAdmin" name="@BeforeMethod Login" time="-1.732208103497E9">
    <skipped/>
  </testcase> <!-- @BeforeMethod Login -->
  <testcase classname="litigationCompanyAdmin.CompanyAdmin" name="@AfterMethod Close" time="-1.7322081035E9">
    <skipped/>
  </testcase> <!-- @AfterMethod Close -->
  <testcase classname="litigationCompanyAdmin.CompanyAdmin" name="@BeforeMethod Login" time="-1.732208103501E9">
    <skipped/>
  </testcase> <!-- @BeforeMethod Login -->
  <testcase classname="litigationCompanyAdmin.CompanyAdmin" name="@AfterMethod Close" time="-1.732208103516E9">
    <skipped/>
  </testcase> <!-- @AfterMethod Close -->
  <testcase classname="litigationCompanyAdmin.CompanyAdmin" name="@BeforeMethod Login" time="-1.732208103517E9">
    <skipped/>
  </testcase> <!-- @BeforeMethod Login -->
  <testcase classname="litigationCompanyAdmin.CompanyAdmin" name="@AfterMethod Close" time="-1.732208103521E9">
    <skipped/>
  </testcase> <!-- @AfterMethod Close -->
  <testcase classname="litigationCompanyAdmin.CompanyAdmin" name="@BeforeMethod Login" time="-1.732208103522E9">
    <skipped/>
  </testcase> <!-- @BeforeMethod Login -->
  <testcase classname="litigationCompanyAdmin.CompanyAdmin" name="@AfterMethod Close" time="-1.732208103525E9">
    <skipped/>
  </testcase> <!-- @AfterMethod Close -->
  <testcase classname="litigationCompanyAdmin.CompanyAdmin" name="@BeforeMethod Login" time="-1.732208103526E9">
    <skipped/>
  </testcase> <!-- @BeforeMethod Login -->
  <testcase classname="litigationCompanyAdmin.CompanyAdmin" name="@AfterMethod Close" time="-1.732208103531E9">
    <skipped/>
  </testcase> <!-- @AfterMethod Close -->
  <testcase classname="litigationCompanyAdmin.CompanyAdmin" name="@BeforeMethod Login" time="-1.732208103532E9">
    <skipped/>
  </testcase> <!-- @BeforeMethod Login -->
  <testcase classname="litigationCompanyAdmin.CompanyAdmin" name="@AfterMethod Close" time="-1.732208103536E9">
    <skipped/>
  </testcase> <!-- @AfterMethod Close -->
  <testcase classname="litigationCompanyAdmin.CompanyAdmin" name="@BeforeMethod Login" time="-1.732208103537E9">
    <skipped/>
  </testcase> <!-- @BeforeMethod Login -->
  <testcase classname="litigationCompanyAdmin.CompanyAdmin" name="@AfterMethod Close" time="-1.732208103541E9">
    <skipped/>
  </testcase> <!-- @AfterMethod Close -->
  <testcase classname="litigationCompanyAdmin.CompanyAdmin" name="@BeforeMethod Login" time="-1.732208103542E9">
    <skipped/>
  </testcase> <!-- @BeforeMethod Login -->
  <testcase classname="litigationCompanyAdmin.CompanyAdmin" name="@AfterMethod Close" time="-1.732208103545E9">
    <skipped/>
  </testcase> <!-- @AfterMethod Close -->
  <testcase classname="litigationCompanyAdmin.CompanyAdmin" name="@BeforeMethod Login" time="-1.732208103547E9">
    <skipped/>
  </testcase> <!-- @BeforeMethod Login -->
  <testcase classname="litigationCompanyAdmin.CompanyAdmin" name="@AfterMethod Close" time="-1.73220810355E9">
    <skipped/>
  </testcase> <!-- @AfterMethod Close -->
  <testcase classname="litigationCompanyAdmin.CompanyAdmin" name="@BeforeMethod Login" time="-1.732208103551E9">
    <skipped/>
  </testcase> <!-- @BeforeMethod Login -->
  <testcase classname="litigationCompanyAdmin.CompanyAdmin" name="@AfterMethod Close" time="-1.732208103555E9">
    <skipped/>
  </testcase> <!-- @AfterMethod Close -->
  <testcase classname="litigationCompanyAdmin.CompanyAdmin" name="@BeforeMethod Login" time="-1.732208103556E9">
    <skipped/>
  </testcase> <!-- @BeforeMethod Login -->
  <testcase classname="litigationCompanyAdmin.CompanyAdmin" name="@AfterMethod Close" time="-1.732208103561E9">
    <skipped/>
  </testcase> <!-- @AfterMethod Close -->
  <testcase classname="litigationCompanyAdmin.CompanyAdmin" name="@BeforeMethod Login" time="-1.732208103561E9">
    <skipped/>
  </testcase> <!-- @BeforeMethod Login -->
  <testcase classname="litigationCompanyAdmin.CompanyAdmin" name="@AfterMethod Close" time="-1.732208103565E9">
    <skipped/>
  </testcase> <!-- @AfterMethod Close -->
  <testcase classname="litigationCompanyAdmin.CompanyAdmin" name="@BeforeMethod Login" time="-1.732208103566E9">
    <skipped/>
  </testcase> <!-- @BeforeMethod Login -->
  <testcase classname="litigationCompanyAdmin.CompanyAdmin" name="@AfterMethod Close" time="-1.732208103569E9">
    <skipped/>
  </testcase> <!-- @AfterMethod Close -->
  <testcase classname="litigationCompanyAdmin.CompanyAdmin" name="@BeforeMethod Login" time="-1.73220810357E9">
    <skipped/>
  </testcase> <!-- @BeforeMethod Login -->
  <testcase classname="litigationCompanyAdmin.CompanyAdmin" name="@AfterMethod Close" time="-1.732208103576E9">
    <skipped/>
  </testcase> <!-- @AfterMethod Close -->
  <testcase classname="litigationCompanyAdmin.CompanyAdmin" name="@BeforeMethod Login" time="-1.732208103577E9">
    <skipped/>
  </testcase> <!-- @BeforeMethod Login -->
  <testcase classname="litigationCompanyAdmin.CompanyAdmin" name="@AfterMethod Close" time="-1.732208103587E9">
    <skipped/>
  </testcase> <!-- @AfterMethod Close -->
  <testcase classname="litigationCompanyAdmin.CompanyAdmin" name="@BeforeMethod Login" time="-1.732208103588E9">
    <skipped/>
  </testcase> <!-- @BeforeMethod Login -->
  <testcase classname="litigationCompanyAdmin.CompanyAdmin" name="@AfterMethod Close" time="-1.732208103591E9">
    <skipped/>
  </testcase> <!-- @AfterMethod Close -->
  <testcase classname="litigationCompanyAdmin.CompanyAdmin" name="@BeforeMethod Login" time="-1.732208103592E9">
    <skipped/>
  </testcase> <!-- @BeforeMethod Login -->
  <testcase classname="litigationCompanyAdmin.CompanyAdmin" name="@AfterMethod Close" time="-1.732208103597E9">
    <skipped/>
  </testcase> <!-- @AfterMethod Close -->
  <testcase classname="litigationCompanyAdmin.CompanyAdmin" name="@BeforeMethod Login" time="-1.732208103599E9">
    <skipped/>
  </testcase> <!-- @BeforeMethod Login -->
  <testcase classname="litigationCompanyAdmin.CompanyAdmin" name="@AfterMethod Close" time="-1.732208103602E9">
    <skipped/>
  </testcase> <!-- @AfterMethod Close -->
  <testcase classname="litigationCompanyAdmin.CompanyAdmin" name="CaseOpen" time="232.006"/>
  <testcase classname="litigationCompanyAdmin.CompanyAdmin" name="CaseExistingData" time="199.016"/>
  <testcase classname="litigationCompanyAdmin.CompanyAdmin" name="CaseWithInvalidData" time="155.559"/>
  <testcase classname="litigationCompanyAdmin.CompanyAdmin" name="CaseWithTwoFieldsData" time="33.76"/>
  <testcase classname="litigationCompanyAdmin.CompanyAdmin" name="CaseWithEmptyFields" time="19.861"/>
  <testcase classname="litigationCompanyAdmin.CompanyAdmin" name="CaseWithClearBtn" time="44.65"/>
  <testcase classname="litigationCompanyAdmin.CompanyAdmin" name="CaseClose" time="32.73"/>
  <testcase classname="litigationCompanyAdmin.CompanyAdmin" name="TaskOpen" time="285.072"/>
  <testcase classname="litigationCompanyAdmin.CompanyAdmin" name="TaskwithExistingData" time="123.317"/>
  <testcase classname="litigationCompanyAdmin.CompanyAdmin" name="TaskwithTwoManadatoryFields" time="59.646"/>
  <testcase classname="litigationCompanyAdmin.CompanyAdmin" name="TaskwithoutData" time="9.957"/>
  <testcase classname="litigationCompanyAdmin.CompanyAdmin" name="TaskwithClearBtn" time="36.182"/>
  <testcase classname="litigationCompanyAdmin.CompanyAdmin" name="TaskShowDetailesClearBtn" time="51.193"/>
  <testcase classname="litigationCompanyAdmin.CompanyAdmin" name="TaskDelete" time="25.818"/>
  <testcase classname="litigationCompanyAdmin.CompanyAdmin" name="ClosedTask" time="75.481"/>
  <testcase classname="litigationCompanyAdmin.CompanyAdmin" name="TaskClosed" time="33.145"/>
  <testcase classname="litigationCompanyAdmin.CompanyAdmin" name="LinkNotice" time="35.016"/>
  <testcase classname="litigationCompanyAdmin.CompanyAdmin" name="LinkNoticeViewIcon" time="40.753"/>
  <testcase classname="litigationCompanyAdmin.CompanyAdmin" name="CloseNotice" time="79.46"/>
  <testcase classname="litigationCompanyAdmin.CompanyAdmin" name="LinkNoticeDeleteIcon" time="15.321">
    <failure type="org.openqa.selenium.NoSuchElementException" message="no such element: Unable to locate element: {&amp;quot;method&amp;quot;:&amp;quot;xpath&amp;quot;,&amp;quot;selector&amp;quot;:&amp;quot;//*[@id=&amp;apos;grdLinkedNotices_lnkBtnDeleteNoticeLinking_0&amp;apos;]/img&amp;quot;}
  (Session info: chrome=131.0.6778.85)
For documentation on this error, please visit: http://seleniumhq.org/exceptions/no_such_element.html
Build info: version: &amp;apos;3.141.0&amp;apos;, revision: &amp;apos;2ecb7d9a&amp;apos;, time: &amp;apos;2018-10-31T20:09:30&amp;apos;
System info: host: &amp;apos;TRPL-PUN-0115&amp;apos;, ip: &amp;apos;192.168.5.52&amp;apos;, os.name: &amp;apos;Windows 10&amp;apos;, os.arch: &amp;apos;amd64&amp;apos;, os.version: &amp;apos;10.0&amp;apos;, java.version: &amp;apos;20&amp;apos;
Driver info: org.openqa.selenium.chrome.ChromeDriver
Capabilities {acceptInsecureCerts: false, browserName: chrome, browserVersion: 131.0.6778.85, chrome: {chromedriverVersion: 131.0.6778.85 (3d81e41b6f3a..., userDataDir: C:\Users\snehalp\AppData\Lo...}, fedcm:accounts: true, goog:chromeOptions: {debuggerAddress: localhost:59957}, javascriptEnabled: true, networkConnectionEnabled: false, pageLoadStrategy: normal, platform: WINDOWS, platformName: WINDOWS, proxy: Proxy(), setWindowRect: true, strictFileInteractability: false, timeouts: {implicit: 0, pageLoad: 300000, script: 30000}, unhandledPromptBehavior: dismiss and notify, webauthn:extension:credBlob: true, webauthn:extension:largeBlob: true, webauthn:extension:minPinLength: true, webauthn:extension:prf: true, webauthn:virtualAuthenticators: true}
Session ID: d157212789bf69d1352ab3e73e1a69fc
*** Element info: {Using=xpath, value=//*[@id=&amp;apos;grdLinkedNotices_lnkBtnDeleteNoticeLinking_0&amp;apos;]/img}">
      <![CDATA[org.openqa.selenium.NoSuchElementException: no such element: Unable to locate element: {"method":"xpath","selector":"//*[@id='grdLinkedNotices_lnkBtnDeleteNoticeLinking_0']/img"}
  (Session info: chrome=131.0.6778.85)
For documentation on this error, please visit: http://seleniumhq.org/exceptions/no_such_element.html
Build info: version: '3.141.0', revision: '2ecb7d9a', time: '2018-10-31T20:09:30'
System info: host: 'TRPL-PUN-0115', ip: '192.168.5.52', os.name: 'Windows 10', os.arch: 'amd64', os.version: '10.0', java.version: '20'
Driver info: org.openqa.selenium.chrome.ChromeDriver
Capabilities {acceptInsecureCerts: false, browserName: chrome, browserVersion: 131.0.6778.85, chrome: {chromedriverVersion: 131.0.6778.85 (3d81e41b6f3a..., userDataDir: C:\Users\snehalp\AppData\Lo...}, fedcm:accounts: true, goog:chromeOptions: {debuggerAddress: localhost:59957}, javascriptEnabled: true, networkConnectionEnabled: false, pageLoadStrategy: normal, platform: WINDOWS, platformName: WINDOWS, proxy: Proxy(), setWindowRect: true, strictFileInteractability: false, timeouts: {implicit: 0, pageLoad: 300000, script: 30000}, unhandledPromptBehavior: dismiss and notify, webauthn:extension:credBlob: true, webauthn:extension:largeBlob: true, webauthn:extension:minPinLength: true, webauthn:extension:prf: true, webauthn:virtualAuthenticators: true}
Session ID: d157212789bf69d1352ab3e73e1a69fc
*** Element info: {Using=xpath, value=//*[@id='grdLinkedNotices_lnkBtnDeleteNoticeLinking_0']/img}
at java.base/jdk.internal.reflect.DirectConstructorHandleAccessor.newInstance(DirectConstructorHandleAccessor.java:67)
at java.base/java.lang.reflect.Constructor.newInstanceWithCaller(Constructor.java:500)
at java.base/java.lang.reflect.Constructor.newInstance(Constructor.java:484)
at org.openqa.selenium.remote.http.W3CHttpResponseCodec.createException(W3CHttpResponseCodec.java:187)
at org.openqa.selenium.remote.http.W3CHttpResponseCodec.decode(W3CHttpResponseCodec.java:122)
at org.openqa.selenium.remote.http.W3CHttpResponseCodec.decode(W3CHttpResponseCodec.java:49)
at org.openqa.selenium.remote.HttpCommandExecutor.execute(HttpCommandExecutor.java:158)
at org.openqa.selenium.remote.service.DriverCommandExecutor.execute(DriverCommandExecutor.java:83)
at org.openqa.selenium.remote.RemoteWebDriver.execute(RemoteWebDriver.java:552)
at org.openqa.selenium.remote.RemoteWebDriver.findElement(RemoteWebDriver.java:323)
at org.openqa.selenium.remote.RemoteWebDriver.findElementByXPath(RemoteWebDriver.java:428)
at org.openqa.selenium.By$ByXPath.findElement(By.java:353)
at org.openqa.selenium.remote.RemoteWebDriver.findElement(RemoteWebDriver.java:315)
at litigationAdditionalOwner.performerPOM.clickLinkedNoticeDeleteIcon(performerPOM.java:7359)
at litigationCompanyAdmin.MethodsPOM.LinkNoticeDeleteIcon(MethodsPOM.java:4027)
at litigationCompanyAdmin.CompanyAdmin.LinkNoticeDeleteIcon(CompanyAdmin.java:444)
at java.base/jdk.internal.reflect.DirectMethodHandleAccessor.invoke(DirectMethodHandleAccessor.java:104)
at java.base/java.lang.reflect.Method.invoke(Method.java:578)
at org.testng.internal.MethodInvocationHelper.invokeMethod(MethodInvocationHelper.java:133)
at org.testng.internal.TestInvoker.invokeMethod(TestInvoker.java:598)
at org.testng.internal.TestInvoker.invokeTestMethod(TestInvoker.java:173)
at org.testng.internal.MethodRunner.runInSequence(MethodRunner.java:46)
at org.testng.internal.TestInvoker$MethodInvocationAgent.invoke(TestInvoker.java:824)
at org.testng.internal.TestInvoker.invokeTestMethods(TestInvoker.java:146)
at org.testng.internal.TestMethodWorker.invokeTestMethods(TestMethodWorker.java:146)
at org.testng.internal.TestMethodWorker.run(TestMethodWorker.java:128)
at java.base/java.util.ArrayList.forEach(ArrayList.java:1511)
at org.testng.TestRunner.privateRun(TestRunner.java:794)
at org.testng.TestRunner.run(TestRunner.java:596)
at org.testng.SuiteRunner.runTest(SuiteRunner.java:377)
at org.testng.SuiteRunner.runSequentially(SuiteRunner.java:371)
at org.testng.SuiteRunner.privateRun(SuiteRunner.java:332)
at org.testng.SuiteRunner.run(SuiteRunner.java:276)
at org.testng.SuiteRunnerWorker.runSuite(SuiteRunnerWorker.java:53)
at org.testng.SuiteRunnerWorker.run(SuiteRunnerWorker.java:96)
at org.testng.TestNG.runSuitesSequentially(TestNG.java:1212)
at org.testng.TestNG.runSuitesLocally(TestNG.java:1134)
at org.testng.TestNG.runSuites(TestNG.java:1063)
at org.testng.TestNG.run(TestNG.java:1031)
at org.testng.remote.AbstractRemoteTestNG.run(AbstractRemoteTestNG.java:115)
at org.testng.remote.RemoteTestNG.initAndRun(RemoteTestNG.java:251)
at org.testng.remote.RemoteTestNG.main(RemoteTestNG.java:77)
]]>
    </failure>
  </testcase> <!-- LinkNoticeDeleteIcon -->
  <testcase classname="litigationCompanyAdmin.CompanyAdmin" name="CloseCase" time="68.156"/>
  <testcase classname="litigationCompanyAdmin.CompanyAdmin" name="LinkCase" time="28.016"/>
  <testcase classname="litigationCompanyAdmin.CompanyAdmin" name="LinkCaseViewIcon" time="74.763"/>
  <testcase classname="litigationCompanyAdmin.CompanyAdmin" name="NoticeClosedDoc" time="53.908">
    <failure type="org.openqa.selenium.ElementClickInterceptedException" message="element click intercepted: Element &amp;lt;iframe id=&amp;quot;showdetails&amp;quot; src=&amp;quot;../../Litigation/aspxPages/NoticeDetailPage.aspx?AccessID=3774&amp;amp;amp;CaseNumber=12122024&amp;amp;amp;Title=Notice%20as%20on%20date%206july24&amp;quot; width=&amp;quot;100%&amp;quot; height=&amp;quot;550px&amp;quot; frameborder=&amp;quot;0&amp;quot; cd_frame_id_=&amp;quot;5d76cd9cd0a4b19fb427b126311ef214&amp;quot;&amp;gt;&amp;lt;/iframe&amp;gt; is not clickable at point (311, 259). Other element would receive the click: &amp;lt;iframe src=&amp;quot;about:blank&amp;quot; frameborder=&amp;quot;0&amp;quot; scrolling=&amp;quot;no&amp;quot; width=&amp;quot;360px&amp;quot; height=&amp;quot;251px&amp;quot; style=&amp;quot;outline:none !important; visibility:visible !important; resize:none !important; box-shadow:none !important; overflow:visible !important; background:none !important; opacity:1 !important; filter:alpha(opacity=100) !important; -ms-filter:progid:DXImageTransform.Microsoft.Alpha(Opacity 1}) !important; -mz-opacity:1 !important; -khtml-opacity:1 !important; top:auto !important; right:auto !important; bottom:100px; left:20px !important; position:fixed !important; border:0 !important; min-height:251px !important; min-width:360px !important; max-height:251px !important; max-width:360px !important; padding:0 !important; margin:0 !important; -moz-transition-property:none !important; -webkit-transition-property:none !important; -o-transition-property:none !important; transition-property:none !important; transform:none !important; -webkit-transform:none !important; -ms-transform:none !important; width:360px !important; height:251px !important; display:block !important; z-index:auto !important; background-color:transparent !important; cursor:none !important; float:none !important; border-radius:unset !important; pointer-events:auto !important; clip:auto !important; color-scheme:light !important;&amp;quot; id=&amp;quot;go5dbd6g4lrg1732198662536&amp;quot; class=&amp;quot;&amp;quot; title=&amp;quot;chat widget&amp;quot;&amp;gt;&amp;lt;/iframe&amp;gt;
  (Session info: chrome=131.0.6778.85)
Build info: version: &amp;apos;3.141.0&amp;apos;, revision: &amp;apos;2ecb7d9a&amp;apos;, time: &amp;apos;2018-10-31T20:09:30&amp;apos;
System info: host: &amp;apos;TRPL-PUN-0115&amp;apos;, ip: &amp;apos;192.168.5.52&amp;apos;, os.name: &amp;apos;Windows 10&amp;apos;, os.arch: &amp;apos;amd64&amp;apos;, os.version: &amp;apos;10.0&amp;apos;, java.version: &amp;apos;20&amp;apos;
Driver info: org.openqa.selenium.chrome.ChromeDriver
Capabilities {acceptInsecureCerts: false, browserName: chrome, browserVersion: 131.0.6778.85, chrome: {chromedriverVersion: 131.0.6778.85 (3d81e41b6f3a..., userDataDir: C:\Users\snehalp\AppData\Lo...}, fedcm:accounts: true, goog:chromeOptions: {debuggerAddress: localhost:60142}, javascriptEnabled: true, networkConnectionEnabled: false, pageLoadStrategy: normal, platform: WINDOWS, platformName: WINDOWS, proxy: Proxy(), setWindowRect: true, strictFileInteractability: false, timeouts: {implicit: 0, pageLoad: 300000, script: 30000}, unhandledPromptBehavior: dismiss and notify, webauthn:extension:credBlob: true, webauthn:extension:largeBlob: true, webauthn:extension:minPinLength: true, webauthn:extension:prf: true, webauthn:virtualAuthenticators: true}
Session ID: f41ea72b592f42d60a4dbee74d3d7a5c">
      <![CDATA[org.openqa.selenium.ElementClickInterceptedException: element click intercepted: Element <iframe id="showdetails" src="../../Litigation/aspxPages/NoticeDetailPage.aspx?AccessID=3774&amp;CaseNumber=12122024&amp;Title=Notice%20as%20on%20date%206july24" width="100%" height="550px" frameborder="0" cd_frame_id_="5d76cd9cd0a4b19fb427b126311ef214"></iframe> is not clickable at point (311, 259). Other element would receive the click: <iframe src="about:blank" frameborder="0" scrolling="no" width="360px" height="251px" style="outline:none !important; visibility:visible !important; resize:none !important; box-shadow:none !important; overflow:visible !important; background:none !important; opacity:1 !important; filter:alpha(opacity=100) !important; -ms-filter:progid:DXImageTransform.Microsoft.Alpha(Opacity 1}) !important; -mz-opacity:1 !important; -khtml-opacity:1 !important; top:auto !important; right:auto !important; bottom:100px; left:20px !important; position:fixed !important; border:0 !important; min-height:251px !important; min-width:360px !important; max-height:251px !important; max-width:360px !important; padding:0 !important; margin:0 !important; -moz-transition-property:none !important; -webkit-transition-property:none !important; -o-transition-property:none !important; transition-property:none !important; transform:none !important; -webkit-transform:none !important; -ms-transform:none !important; width:360px !important; height:251px !important; display:block !important; z-index:auto !important; background-color:transparent !important; cursor:none !important; float:none !important; border-radius:unset !important; pointer-events:auto !important; clip:auto !important; color-scheme:light !important;" id="go5dbd6g4lrg1732198662536" class="" title="chat widget"></iframe>
  (Session info: chrome=131.0.6778.85)
Build info: version: '3.141.0', revision: '2ecb7d9a', time: '2018-10-31T20:09:30'
System info: host: 'TRPL-PUN-0115', ip: '192.168.5.52', os.name: 'Windows 10', os.arch: 'amd64', os.version: '10.0', java.version: '20'
Driver info: org.openqa.selenium.chrome.ChromeDriver
Capabilities {acceptInsecureCerts: false, browserName: chrome, browserVersion: 131.0.6778.85, chrome: {chromedriverVersion: 131.0.6778.85 (3d81e41b6f3a..., userDataDir: C:\Users\snehalp\AppData\Lo...}, fedcm:accounts: true, goog:chromeOptions: {debuggerAddress: localhost:60142}, javascriptEnabled: true, networkConnectionEnabled: false, pageLoadStrategy: normal, platform: WINDOWS, platformName: WINDOWS, proxy: Proxy(), setWindowRect: true, strictFileInteractability: false, timeouts: {implicit: 0, pageLoad: 300000, script: 30000}, unhandledPromptBehavior: dismiss and notify, webauthn:extension:credBlob: true, webauthn:extension:largeBlob: true, webauthn:extension:minPinLength: true, webauthn:extension:prf: true, webauthn:virtualAuthenticators: true}
Session ID: f41ea72b592f42d60a4dbee74d3d7a5c
at java.base/jdk.internal.reflect.DirectConstructorHandleAccessor.newInstance(DirectConstructorHandleAccessor.java:67)
at java.base/java.lang.reflect.Constructor.newInstanceWithCaller(Constructor.java:500)
at java.base/java.lang.reflect.Constructor.newInstance(Constructor.java:484)
at org.openqa.selenium.remote.http.W3CHttpResponseCodec.createException(W3CHttpResponseCodec.java:187)
at org.openqa.selenium.remote.http.W3CHttpResponseCodec.decode(W3CHttpResponseCodec.java:122)
at org.openqa.selenium.remote.http.W3CHttpResponseCodec.decode(W3CHttpResponseCodec.java:49)
at org.openqa.selenium.remote.HttpCommandExecutor.execute(HttpCommandExecutor.java:158)
at org.openqa.selenium.remote.service.DriverCommandExecutor.execute(DriverCommandExecutor.java:83)
at org.openqa.selenium.remote.RemoteWebDriver.execute(RemoteWebDriver.java:552)
at org.openqa.selenium.remote.RemoteWebElement.execute(RemoteWebElement.java:285)
at org.openqa.selenium.remote.RemoteWebElement.click(RemoteWebElement.java:84)
at litigationCompanyAdmin.MethodsPOM.NoticeClosedDoc(MethodsPOM.java:24279)
at litigationCompanyAdmin.CompanyAdmin.NoticeClosedDoc(CompanyAdmin.java:504)
at java.base/jdk.internal.reflect.DirectMethodHandleAccessor.invoke(DirectMethodHandleAccessor.java:104)
at java.base/java.lang.reflect.Method.invoke(Method.java:578)
at org.testng.internal.MethodInvocationHelper.invokeMethod(MethodInvocationHelper.java:133)
at org.testng.internal.TestInvoker.invokeMethod(TestInvoker.java:598)
at org.testng.internal.TestInvoker.invokeTestMethod(TestInvoker.java:173)
at org.testng.internal.MethodRunner.runInSequence(MethodRunner.java:46)
at org.testng.internal.TestInvoker$MethodInvocationAgent.invoke(TestInvoker.java:824)
at org.testng.internal.TestInvoker.invokeTestMethods(TestInvoker.java:146)
at org.testng.internal.TestMethodWorker.invokeTestMethods(TestMethodWorker.java:146)
at org.testng.internal.TestMethodWorker.run(TestMethodWorker.java:128)
at java.base/java.util.ArrayList.forEach(ArrayList.java:1511)
at org.testng.TestRunner.privateRun(TestRunner.java:794)
at org.testng.TestRunner.run(TestRunner.java:596)
at org.testng.SuiteRunner.runTest(SuiteRunner.java:377)
at org.testng.SuiteRunner.runSequentially(SuiteRunner.java:371)
at org.testng.SuiteRunner.privateRun(SuiteRunner.java:332)
at org.testng.SuiteRunner.run(SuiteRunner.java:276)
at org.testng.SuiteRunnerWorker.runSuite(SuiteRunnerWorker.java:53)
at org.testng.SuiteRunnerWorker.run(SuiteRunnerWorker.java:96)
at org.testng.TestNG.runSuitesSequentially(TestNG.java:1212)
at org.testng.TestNG.runSuitesLocally(TestNG.java:1134)
at org.testng.TestNG.runSuites(TestNG.java:1063)
at org.testng.TestNG.run(TestNG.java:1031)
at org.testng.remote.AbstractRemoteTestNG.run(AbstractRemoteTestNG.java:115)
at org.testng.remote.RemoteTestNG.initAndRun(RemoteTestNG.java:251)
at org.testng.remote.RemoteTestNG.main(RemoteTestNG.java:77)
]]>
    </failure>
  </testcase> <!-- NoticeClosedDoc -->
  <testcase classname="litigationCompanyAdmin.CompanyAdmin" name="LinkCaseDeleteIcon" time="28.977"/>
  <testcase classname="litigationCompanyAdmin.CompanyAdmin" name="NoticeClosedWithoutDoc" time="83.028"/>
  <testcase classname="litigationCompanyAdmin.CompanyAdmin" name="CaseClosedDoc" time="125.104"/>
  <testcase classname="litigationCompanyAdmin.CompanyAdmin" name="CaseClosedWithoutDoc" time="91.012"/>
  <testcase classname="litigationCompanyAdmin.CompanyAdmin" name="NoticeDocumentTab" time="187.455"/>
  <testcase classname="litigationCompanyAdmin.CompanyAdmin" name="NoticeWithoutUploadDocument" time="122.209"/>
  <testcase classname="litigationCompanyAdmin.CompanyAdmin" name="NoticeDocumentSearchFields" time="54.266">
    <failure type="org.openqa.selenium.NoSuchElementException" message="no such element: Unable to locate element: {&amp;quot;method&amp;quot;:&amp;quot;xpath&amp;quot;,&amp;quot;selector&amp;quot;:&amp;quot;//*[@id=&amp;apos;grdNoticeDocuments_lblFileName_0&amp;apos;]&amp;quot;}
  (Session info: chrome=131.0.6778.85)
For documentation on this error, please visit: http://seleniumhq.org/exceptions/no_such_element.html
Build info: version: &amp;apos;3.141.0&amp;apos;, revision: &amp;apos;2ecb7d9a&amp;apos;, time: &amp;apos;2018-10-31T20:09:30&amp;apos;
System info: host: &amp;apos;TRPL-PUN-0115&amp;apos;, ip: &amp;apos;192.168.5.52&amp;apos;, os.name: &amp;apos;Windows 10&amp;apos;, os.arch: &amp;apos;amd64&amp;apos;, os.version: &amp;apos;10.0&amp;apos;, java.version: &amp;apos;20&amp;apos;
Driver info: org.openqa.selenium.chrome.ChromeDriver
Capabilities {acceptInsecureCerts: false, browserName: chrome, browserVersion: 131.0.6778.85, chrome: {chromedriverVersion: 131.0.6778.85 (3d81e41b6f3a..., userDataDir: C:\Users\snehalp\AppData\Lo...}, fedcm:accounts: true, goog:chromeOptions: {debuggerAddress: localhost:60473}, javascriptEnabled: true, networkConnectionEnabled: false, pageLoadStrategy: normal, platform: WINDOWS, platformName: WINDOWS, proxy: Proxy(), setWindowRect: true, strictFileInteractability: false, timeouts: {implicit: 0, pageLoad: 300000, script: 30000}, unhandledPromptBehavior: dismiss and notify, webauthn:extension:credBlob: true, webauthn:extension:largeBlob: true, webauthn:extension:minPinLength: true, webauthn:extension:prf: true, webauthn:virtualAuthenticators: true}
Session ID: 7fc781fcb4d9e7df4333407f2b5cc57d
*** Element info: {Using=xpath, value=//*[@id=&amp;apos;grdNoticeDocuments_lblFileName_0&amp;apos;]}">
      <![CDATA[org.openqa.selenium.NoSuchElementException: no such element: Unable to locate element: {"method":"xpath","selector":"//*[@id='grdNoticeDocuments_lblFileName_0']"}
  (Session info: chrome=131.0.6778.85)
For documentation on this error, please visit: http://seleniumhq.org/exceptions/no_such_element.html
Build info: version: '3.141.0', revision: '2ecb7d9a', time: '2018-10-31T20:09:30'
System info: host: 'TRPL-PUN-0115', ip: '192.168.5.52', os.name: 'Windows 10', os.arch: 'amd64', os.version: '10.0', java.version: '20'
Driver info: org.openqa.selenium.chrome.ChromeDriver
Capabilities {acceptInsecureCerts: false, browserName: chrome, browserVersion: 131.0.6778.85, chrome: {chromedriverVersion: 131.0.6778.85 (3d81e41b6f3a..., userDataDir: C:\Users\snehalp\AppData\Lo...}, fedcm:accounts: true, goog:chromeOptions: {debuggerAddress: localhost:60473}, javascriptEnabled: true, networkConnectionEnabled: false, pageLoadStrategy: normal, platform: WINDOWS, platformName: WINDOWS, proxy: Proxy(), setWindowRect: true, strictFileInteractability: false, timeouts: {implicit: 0, pageLoad: 300000, script: 30000}, unhandledPromptBehavior: dismiss and notify, webauthn:extension:credBlob: true, webauthn:extension:largeBlob: true, webauthn:extension:minPinLength: true, webauthn:extension:prf: true, webauthn:virtualAuthenticators: true}
Session ID: 7fc781fcb4d9e7df4333407f2b5cc57d
*** Element info: {Using=xpath, value=//*[@id='grdNoticeDocuments_lblFileName_0']}
at java.base/jdk.internal.reflect.DirectConstructorHandleAccessor.newInstance(DirectConstructorHandleAccessor.java:67)
at java.base/java.lang.reflect.Constructor.newInstanceWithCaller(Constructor.java:500)
at java.base/java.lang.reflect.Constructor.newInstance(Constructor.java:484)
at org.openqa.selenium.remote.http.W3CHttpResponseCodec.createException(W3CHttpResponseCodec.java:187)
at org.openqa.selenium.remote.http.W3CHttpResponseCodec.decode(W3CHttpResponseCodec.java:122)
at org.openqa.selenium.remote.http.W3CHttpResponseCodec.decode(W3CHttpResponseCodec.java:49)
at org.openqa.selenium.remote.HttpCommandExecutor.execute(HttpCommandExecutor.java:158)
at org.openqa.selenium.remote.service.DriverCommandExecutor.execute(DriverCommandExecutor.java:83)
at org.openqa.selenium.remote.RemoteWebDriver.execute(RemoteWebDriver.java:552)
at org.openqa.selenium.remote.RemoteWebDriver.findElement(RemoteWebDriver.java:323)
at org.openqa.selenium.remote.RemoteWebDriver.findElementByXPath(RemoteWebDriver.java:428)
at org.openqa.selenium.By$ByXPath.findElement(By.java:353)
at org.openqa.selenium.remote.RemoteWebDriver.findElement(RemoteWebDriver.java:315)
at litigationAdditionalOwner.performerPOM.clickDocName(performerPOM.java:7414)
at litigationCompanyAdmin.MethodsPOM.NoticeDocumentSearchFields(MethodsPOM.java:17928)
at litigationCompanyAdmin.CompanyAdmin.NoticeDocumentSearchFields(CompanyAdmin.java:575)
at java.base/jdk.internal.reflect.DirectMethodHandleAccessor.invoke(DirectMethodHandleAccessor.java:104)
at java.base/java.lang.reflect.Method.invoke(Method.java:578)
at org.testng.internal.MethodInvocationHelper.invokeMethod(MethodInvocationHelper.java:133)
at org.testng.internal.TestInvoker.invokeMethod(TestInvoker.java:598)
at org.testng.internal.TestInvoker.invokeTestMethod(TestInvoker.java:173)
at org.testng.internal.MethodRunner.runInSequence(MethodRunner.java:46)
at org.testng.internal.TestInvoker$MethodInvocationAgent.invoke(TestInvoker.java:824)
at org.testng.internal.TestInvoker.invokeTestMethods(TestInvoker.java:146)
at org.testng.internal.TestMethodWorker.invokeTestMethods(TestMethodWorker.java:146)
at org.testng.internal.TestMethodWorker.run(TestMethodWorker.java:128)
at java.base/java.util.ArrayList.forEach(ArrayList.java:1511)
at org.testng.TestRunner.privateRun(TestRunner.java:794)
at org.testng.TestRunner.run(TestRunner.java:596)
at org.testng.SuiteRunner.runTest(SuiteRunner.java:377)
at org.testng.SuiteRunner.runSequentially(SuiteRunner.java:371)
at org.testng.SuiteRunner.privateRun(SuiteRunner.java:332)
at org.testng.SuiteRunner.run(SuiteRunner.java:276)
at org.testng.SuiteRunnerWorker.runSuite(SuiteRunnerWorker.java:53)
at org.testng.SuiteRunnerWorker.run(SuiteRunnerWorker.java:96)
at org.testng.TestNG.runSuitesSequentially(TestNG.java:1212)
at org.testng.TestNG.runSuitesLocally(TestNG.java:1134)
at org.testng.TestNG.runSuites(TestNG.java:1063)
at org.testng.TestNG.run(TestNG.java:1031)
at org.testng.remote.AbstractRemoteTestNG.run(AbstractRemoteTestNG.java:115)
at org.testng.remote.RemoteTestNG.initAndRun(RemoteTestNG.java:251)
at org.testng.remote.RemoteTestNG.main(RemoteTestNG.java:77)
]]>
    </failure>
  </testcase> <!-- NoticeDocumentSearchFields -->
  <testcase classname="litigationCompanyAdmin.CompanyAdmin" name="NoticeDocumentShareInvalidData" time="110.712"/>
  <testcase classname="litigationCompanyAdmin.CompanyAdmin" name="NoticeDocumentShareWithoutData" time="94.573"/>
  <testcase classname="litigationCompanyAdmin.CompanyAdmin" name="NoticeDocumentShareCloseBtn" time="82.756"/>
  <testcase classname="litigationCompanyAdmin.CompanyAdmin" name="NoticeTaskActivityTab" time="245.674"/>
  <testcase classname="litigationCompanyAdmin.CompanyAdmin" name="TaskActivtityWithoutData" time="76.513"/>
  <testcase classname="litigationCompanyAdmin.CompanyAdmin" name="TaskActivtityExistingData" time="141.71"/>
  <testcase classname="litigationCompanyAdmin.CompanyAdmin" name="TaskActivtityResponseWithoutStatus" time="109.307"/>
  <testcase classname="litigationCompanyAdmin.CompanyAdmin" name="TaskActivtityResponseClearBtn" time="86.305"/>
  <testcase classname="litigationCompanyAdmin.CompanyAdmin" name="TaskActivtityDeleteResponse" time="130.445"/>
  <testcase classname="litigationCompanyAdmin.CompanyAdmin" name="NoticeResponseTab" time="209.772"/>
  <testcase classname="litigationCompanyAdmin.CompanyAdmin" name="ResponseExistingData" time="144.707"/>
  <testcase classname="litigationCompanyAdmin.CompanyAdmin" name="NoticeResponseWithoutData" time="84.771"/>
  <testcase classname="litigationCompanyAdmin.CompanyAdmin" name="ResponseClearBtn" time="93.544"/>
  <testcase classname="litigationCompanyAdmin.CompanyAdmin" name="NoticePaymentLogTab" time="217.079"/>
  <testcase classname="litigationCompanyAdmin.CompanyAdmin" name="PaymentLogwithExistingData" time="103.974"/>
  <testcase classname="litigationCompanyAdmin.CompanyAdmin" name="NoticePaymentWithoutData" time="61.441"/>
  <testcase classname="litigationCompanyAdmin.CompanyAdmin" name="PaymentLogwithInvalidData" time="53.123">
    <failure type="org.openqa.selenium.ElementNotInteractableException" message="element not interactable
  (Session info: chrome=131.0.6778.85)
Build info: version: &amp;apos;3.141.0&amp;apos;, revision: &amp;apos;2ecb7d9a&amp;apos;, time: &amp;apos;2018-10-31T20:09:30&amp;apos;
System info: host: &amp;apos;TRPL-PUN-0115&amp;apos;, ip: &amp;apos;192.168.5.52&amp;apos;, os.name: &amp;apos;Windows 10&amp;apos;, os.arch: &amp;apos;amd64&amp;apos;, os.version: &amp;apos;10.0&amp;apos;, java.version: &amp;apos;20&amp;apos;
Driver info: org.openqa.selenium.chrome.ChromeDriver
Capabilities {acceptInsecureCerts: false, browserName: chrome, browserVersion: 131.0.6778.85, chrome: {chromedriverVersion: 131.0.6778.85 (3d81e41b6f3a..., userDataDir: C:\Users\snehalp\AppData\Lo...}, fedcm:accounts: true, goog:chromeOptions: {debuggerAddress: localhost:61342}, javascriptEnabled: true, networkConnectionEnabled: false, pageLoadStrategy: normal, platform: WINDOWS, platformName: WINDOWS, proxy: Proxy(), setWindowRect: true, strictFileInteractability: false, timeouts: {implicit: 0, pageLoad: 300000, script: 30000}, unhandledPromptBehavior: dismiss and notify, webauthn:extension:credBlob: true, webauthn:extension:largeBlob: true, webauthn:extension:minPinLength: true, webauthn:extension:prf: true, webauthn:virtualAuthenticators: true}
Session ID: 5db1001fc42a12a0e1291194200b760a">
      <![CDATA[org.openqa.selenium.ElementNotInteractableException: element not interactable
  (Session info: chrome=131.0.6778.85)
Build info: version: '3.141.0', revision: '2ecb7d9a', time: '2018-10-31T20:09:30'
System info: host: 'TRPL-PUN-0115', ip: '192.168.5.52', os.name: 'Windows 10', os.arch: 'amd64', os.version: '10.0', java.version: '20'
Driver info: org.openqa.selenium.chrome.ChromeDriver
Capabilities {acceptInsecureCerts: false, browserName: chrome, browserVersion: 131.0.6778.85, chrome: {chromedriverVersion: 131.0.6778.85 (3d81e41b6f3a..., userDataDir: C:\Users\snehalp\AppData\Lo...}, fedcm:accounts: true, goog:chromeOptions: {debuggerAddress: localhost:61342}, javascriptEnabled: true, networkConnectionEnabled: false, pageLoadStrategy: normal, platform: WINDOWS, platformName: WINDOWS, proxy: Proxy(), setWindowRect: true, strictFileInteractability: false, timeouts: {implicit: 0, pageLoad: 300000, script: 30000}, unhandledPromptBehavior: dismiss and notify, webauthn:extension:credBlob: true, webauthn:extension:largeBlob: true, webauthn:extension:minPinLength: true, webauthn:extension:prf: true, webauthn:virtualAuthenticators: true}
Session ID: 5db1001fc42a12a0e1291194200b760a
at java.base/jdk.internal.reflect.DirectConstructorHandleAccessor.newInstance(DirectConstructorHandleAccessor.java:67)
at java.base/java.lang.reflect.Constructor.newInstanceWithCaller(Constructor.java:500)
at java.base/java.lang.reflect.Constructor.newInstance(Constructor.java:484)
at org.openqa.selenium.remote.http.W3CHttpResponseCodec.createException(W3CHttpResponseCodec.java:187)
at org.openqa.selenium.remote.http.W3CHttpResponseCodec.decode(W3CHttpResponseCodec.java:122)
at org.openqa.selenium.remote.http.W3CHttpResponseCodec.decode(W3CHttpResponseCodec.java:49)
at org.openqa.selenium.remote.HttpCommandExecutor.execute(HttpCommandExecutor.java:158)
at org.openqa.selenium.remote.service.DriverCommandExecutor.execute(DriverCommandExecutor.java:83)
at org.openqa.selenium.remote.RemoteWebDriver.execute(RemoteWebDriver.java:552)
[...]
at org.testng.remote.RemoteTestNG.main(RemoteTestNG.java:77)
]]>
    </failure>
  </testcase> <!-- CaseNoticeStageGraph -->
  <testcase classname="litigationCompanyAdmin.CompanyAdmin" name="CaseNoticeStageFilter" time="0.0">
    <skipped/>
  </testcase> <!-- CaseNoticeStageFilter -->
  <testcase classname="litigationCompanyAdmin.CompanyAdmin" name="RiskSummaryGraph" time="0.0">
    <skipped/>
  </testcase> <!-- RiskSummaryGraph -->
  <testcase classname="litigationCompanyAdmin.CompanyAdmin" name="RiskSummaryGraphFilter" time="0.0">
    <skipped/>
  </testcase> <!-- RiskSummaryGraphFilter -->
  <testcase classname="litigationCompanyAdmin.CompanyAdmin" name="DepartmentSummaryGraph" time="0.0">
    <skipped/>
  </testcase> <!-- DepartmentSummaryGraph -->
  <testcase classname="litigationCompanyAdmin.CompanyAdmin" name="DepartmentSummaryGraphFilter" time="0.0">
    <skipped/>
  </testcase> <!-- DepartmentSummaryGraphFilter -->
  <testcase classname="litigationCompanyAdmin.CompanyAdmin" name="LocationSummaryGraph" time="0.0">
    <skipped/>
  </testcase> <!-- LocationSummaryGraph -->
  <testcase classname="litigationCompanyAdmin.CompanyAdmin" name="LocationSummaryGraphFilter" time="0.0">
    <skipped/>
  </testcase> <!-- LocationSummaryGraphFilter -->
  <testcase classname="litigationCompanyAdmin.CompanyAdmin" name="CategorySummaryGraph" time="0.0">
    <skipped/>
  </testcase> <!-- CategorySummaryGraph -->
  <testcase classname="litigationCompanyAdmin.CompanyAdmin" name="CategorySummaryGraphFilter" time="0.0">
    <skipped/>
  </testcase> <!-- CategorySummaryGraphFilter -->
  <testcase classname="litigationCompanyAdmin.CompanyAdmin" name="InwardDefendantAgeingGraph" time="0.0">
    <skipped/>
  </testcase> <!-- InwardDefendantAgeingGraph -->
  <testcase classname="litigationCompanyAdmin.CompanyAdmin" name="AgeingGraph1to2years" time="0.0">
    <skipped/>
  </testcase> <!-- AgeingGraph1to2years -->
  <testcase classname="litigationCompanyAdmin.CompanyAdmin" name="AgeingGraph1to2yearsGraphFilter" time="0.0">
    <skipped/>
  </testcase> <!-- AgeingGraph1to2yearsGraphFilter -->
  <testcase classname="litigationCompanyAdmin.CompanyAdmin" name="AgeingGraph2to3years" time="0.0">
    <skipped/>
  </testcase> <!-- AgeingGraph2to3years -->
  <testcase classname="litigationCompanyAdmin.CompanyAdmin" name="AgeingGraph2to3yearsGraphFilter" time="0.0">
    <skipped/>
  </testcase> <!-- AgeingGraph2to3yearsGraphFilter -->
  <testcase classname="litigationCompanyAdmin.CompanyAdmin" name="AgeingGraphMorethan3years" time="0.0">
    <skipped/>
  </testcase> <!-- AgeingGraphMorethan3years -->
  <testcase classname="litigationCompanyAdmin.CompanyAdmin" name="CaseNoticeTypeGraph1" time="0.0">
    <skipped/>
  </testcase> <!-- CaseNoticeTypeGraph1 -->
  <testcase classname="litigationCompanyAdmin.CompanyAdmin" name="CaseNoticeStageGraph1" time="0.0">
    <skipped/>
  </testcase> <!-- CaseNoticeStageGraph1 -->
  <testcase classname="litigationCompanyAdmin.CompanyAdmin" name="RiskSummaryGraph1" time="0.0">
    <skipped/>
  </testcase> <!-- RiskSummaryGraph1 -->
  <testcase classname="litigationCompanyAdmin.CompanyAdmin" name="DepartmentSummaryGraph1" time="0.0">
    <skipped/>
  </testcase> <!-- DepartmentSummaryGraph1 -->
  <testcase classname="litigationCompanyAdmin.CompanyAdmin" name="LocationSummaryGraph1" time="0.0">
    <skipped/>
  </testcase> <!-- LocationSummaryGraph1 -->
  <testcase classname="litigationCompanyAdmin.CompanyAdmin" name="CategorySummaryGraph1" time="0.0">
    <skipped/>
  </testcase> <!-- CategorySummaryGraph1 -->
  <testcase classname="litigationCompanyAdmin.CompanyAdmin" name="ExpensesCaseGraph" time="0.0">
    <skipped/>
  </testcase> <!-- ExpensesCaseGraph -->
  <testcase classname="litigationCompanyAdmin.CompanyAdmin" name="ExpensesCategoryWiseCaseGraph" time="0.0">
    <skipped/>
  </testcase> <!-- ExpensesCategoryWiseCaseGraph -->
  <testcase classname="litigationCompanyAdmin.CompanyAdmin" name="ExpensesCounselWiseCaseGraph" time="0.0">
    <skipped/>
  </testcase> <!-- ExpensesCounselWiseCaseGraph -->
  <testcase classname="litigationCompanyAdmin.CompanyAdmin" name="UtilizedBudgetGraph" time="0.0">
    <skipped/>
  </testcase> <!-- UtilizedBudgetGraph -->
  <testcase classname="litigationCompanyAdmin.CompanyAdmin" name="AgeingGraph" time="0.0">
    <skipped/>
  </testcase> <!-- AgeingGraph -->
  <testcase classname="litigationCompanyAdmin.CompanyAdmin" name="AgeingGraph1to2yearsCase" time="0.0">
    <skipped/>
  </testcase> <!-- AgeingGraph1to2yearsCase -->
  <testcase classname="litigationCompanyAdmin.CompanyAdmin" name="AgeingGraph2to3yearsCase" time="0.0">
    <skipped/>
  </testcase> <!-- AgeingGraph2to3yearsCase -->
  <testcase classname="litigationCompanyAdmin.CompanyAdmin" name="AgeingGraphMoreThan3yearsCase" time="0.0">
    <skipped/>
  </testcase> <!-- AgeingGraphMoreThan3yearsCase -->
  <testcase classname="litigationCompanyAdmin.CompanyAdmin" name="MyDocument" time="0.0">
    <skipped/>
  </testcase> <!-- MyDocument -->
  <testcase classname="litigationCompanyAdmin.CompanyAdmin" name="ShareCaseDocument" time="0.0">
    <skipped/>
  </testcase> <!-- ShareCaseDocument -->
  <testcase classname="litigationCompanyAdmin.CompanyAdmin" name="ShareNoticeDocument" time="0.0">
    <skipped/>
  </testcase> <!-- ShareNoticeDocument -->
  <testcase classname="litigationCompanyAdmin.CompanyAdmin" name="ShareTaskDocument" time="0.0">
    <skipped/>
  </testcase> <!-- ShareTaskDocument -->
  <testcase classname="litigationCompanyAdmin.CompanyAdmin" name="AdvancedSearchDoc" time="0.0">
    <skipped/>
  </testcase> <!-- AdvancedSearchDoc -->
  <testcase classname="litigationCompanyAdmin.CompanyAdmin" name="AdvancedSearchShareCaseDocument" time="0.0">
    <skipped/>
  </testcase> <!-- AdvancedSearchShareCaseDocument -->
  <testcase classname="litigationCompanyAdmin.CompanyAdmin" name="AdvancedSearchShareNoticeDocument" time="0.0">
    <skipped/>
  </testcase> <!-- AdvancedSearchShareNoticeDocument -->
  <testcase classname="litigationCompanyAdmin.CompanyAdmin" name="AdvancedSearchShareTaskDocument" time="0.0">
    <skipped/>
  </testcase> <!-- AdvancedSearchShareTaskDocument -->
  <testcase classname="litigationCompanyAdmin.CompanyAdmin" name="CriticalDocuments" time="0.0">
    <skipped/>
  </testcase> <!-- CriticalDocuments -->
  <testcase classname="litigationCompanyAdmin.CompanyAdmin" name="CriticalDocuments1" time="0.0">
    <skipped/>
  </testcase> <!-- CriticalDocuments1 -->
  <testcase classname="litigationCompanyAdmin.CompanyAdmin" name="MyReports" time="0.0">
    <skipped/>
  </testcase> <!-- MyReports -->
  <testcase classname="litigationCompanyAdmin.CompanyAdmin" name="AdvancedSearch" time="0.0">
    <skipped/>
  </testcase> <!-- AdvancedSearch -->
  <testcase classname="litigationCompanyAdmin.CompanyAdmin" name="MoreReports" time="0.0">
    <skipped/>
  </testcase> <!-- MoreReports -->
  <testcase classname="litigationCompanyAdmin.CompanyAdmin" name="MyReminder" time="0.0">
    <skipped/>
  </testcase> <!-- MyReminder -->
  <testcase classname="litigationCompanyAdmin.CompanyAdmin" name="ReminderWithoutData" time="0.0">
    <skipped/>
  </testcase> <!-- ReminderWithoutData -->
  <testcase classname="litigationCompanyAdmin.CompanyAdmin" name="ImportUtility" time="0.0">
    <skipped/>
  </testcase> <!-- ImportUtility -->
  <testcase classname="litigationCompanyAdmin.CompanyAdmin" name="ImportUtilityWithoutData" time="0.0">
    <skipped/>
  </testcase> <!-- ImportUtilityWithoutData -->
  <testcase classname="litigationCompanyAdmin.CompanyAdmin" name="ImportUtilityInvalidData" time="0.0">
    <skipped/>
  </testcase> <!-- ImportUtilityInvalidData -->
  <testcase classname="litigationCompanyAdmin.CompanyAdmin" name="ImportUtilityTwoManadtoryFileds" time="0.0">
    <skipped/>
  </testcase> <!-- ImportUtilityTwoManadtoryFileds -->
  <testcase classname="litigationCompanyAdmin.CompanyAdmin" name="CaseUpdationImportUtility" time="0.0">
    <skipped/>
  </testcase> <!-- CaseUpdationImportUtility -->
  <testcase classname="litigationCompanyAdmin.CompanyAdmin" name="CaseUpdationUploadEmtyFile" time="0.0">
    <skipped/>
  </testcase> <!-- CaseUpdationUploadEmtyFile -->
  <testcase classname="litigationCompanyAdmin.CompanyAdmin" name="CaseUpdationUploadInvalidData" time="0.0">
    <skipped/>
  </testcase> <!-- CaseUpdationUploadInvalidData -->
  <testcase classname="litigationCompanyAdmin.CompanyAdmin" name="CaseUpdationUploadInvalidFile" time="0.0">
    <skipped/>
  </testcase> <!-- CaseUpdationUploadInvalidFile -->
  <testcase classname="litigationCompanyAdmin.CompanyAdmin" name="NoticeUpdation" time="0.0">
    <skipped/>
  </testcase> <!-- NoticeUpdation -->
  <testcase classname="litigationCompanyAdmin.CompanyAdmin" name="NoticeUpdationUploadEmtyFile" time="0.0">
    <skipped/>
  </testcase> <!-- NoticeUpdationUploadEmtyFile -->
  <testcase classname="litigationCompanyAdmin.CompanyAdmin" name="NoticeUpdationUploadInvalidData" time="0.0">
    <skipped/>
  </testcase> <!-- NoticeUpdationUploadInvalidData -->
  <testcase classname="litigationCompanyAdmin.CompanyAdmin" name="NoticeUpdationUploadInvalidFile" time="0.0">
    <skipped/>
  </testcase> <!-- NoticeUpdationUploadInvalidFile -->
  <testcase classname="litigationCompanyAdmin.CompanyAdmin" name="Masters" time="0.0">
    <skipped/>
  </testcase> <!-- Masters -->
  <testcase classname="litigationCompanyAdmin.CompanyAdmin" name="MastersLegalEntity" time="0.0">
    <skipped/>
  </testcase> <!-- MastersLegalEntity -->
  <testcase classname="litigationCompanyAdmin.CompanyAdmin" name="MastersLegalEntity1" time="0.0">
    <skipped/>
  </testcase> <!-- MastersLegalEntity1 -->
  <testcase classname="litigationCompanyAdmin.CompanyAdmin" name="MastersLegalEntity2" time="0.0">
    <skipped/>
  </testcase> <!-- MastersLegalEntity2 -->
  <testcase classname="litigationCompanyAdmin.CompanyAdmin" name="MastersLegalEntity3" time="0.0">
    <skipped/>
  </testcase> <!-- MastersLegalEntity3 -->
  <testcase classname="litigationCompanyAdmin.CompanyAdmin" name="UnitEntity" time="0.0">
    <skipped/>
  </testcase> <!-- UnitEntity -->
  <testcase classname="litigationCompanyAdmin.CompanyAdmin" name="Masters1" time="0.0">
    <skipped/>
  </testcase> <!-- Masters1 -->
  <testcase classname="litigationCompanyAdmin.CompanyAdmin" name="MastersLawFirm" time="0.0">
    <skipped/>
  </testcase> <!-- MastersLawFirm -->
  <testcase classname="litigationCompanyAdmin.CompanyAdmin" name="MastersLawFirm1" time="0.0">
    <skipped/>
  </testcase> <!-- MastersLawFirm1 -->
  <testcase classname="litigationCompanyAdmin.CompanyAdmin" name="MastersLawFirm2" time="0.0">
    <skipped/>
  </testcase> <!-- MastersLawFirm2 -->
  <testcase classname="litigationCompanyAdmin.CompanyAdmin" name="MastersLawFirm3" time="0.0">
    <skipped/>
  </testcase> <!-- MastersLawFirm3 -->
  <testcase classname="litigationCompanyAdmin.CompanyAdmin" name="LawyerWithoutData" time="0.0">
    <skipped/>
  </testcase> <!-- LawyerWithoutData -->
  <testcase classname="litigationCompanyAdmin.CompanyAdmin" name="LawyerInvalidData" time="0.0">
    <skipped/>
  </testcase> <!-- LawyerInvalidData -->
  <testcase classname="litigationCompanyAdmin.CompanyAdmin" name="LawyerTwoManadatoryFileds" time="0.0">
    <skipped/>
  </testcase> <!-- LawyerTwoManadatoryFileds -->
  <testcase classname="litigationCompanyAdmin.CompanyAdmin" name="LawyerCloseButton" time="0.0">
    <skipped/>
  </testcase> <!-- LawyerCloseButton -->
  <testcase classname="litigationCompanyAdmin.CompanyAdmin" name="Masters2" time="0.0">
    <skipped/>
  </testcase> <!-- Masters2 -->
  <testcase classname="litigationCompanyAdmin.CompanyAdmin" name="UserWithoutData" time="0.0">
    <skipped/>
  </testcase> <!-- UserWithoutData -->
  <testcase classname="litigationCompanyAdmin.CompanyAdmin" name="UserInvalidData" time="0.0">
    <skipped/>
  </testcase> <!-- UserInvalidData -->
  <testcase classname="litigationCompanyAdmin.CompanyAdmin" name="UserTwoManadatoryFields" time="0.0">
    <skipped/>
  </testcase> <!-- UserTwoManadatoryFields -->
  <testcase classname="litigationCompanyAdmin.CompanyAdmin" name="UserCloseButton" time="0.0">
    <skipped/>
  </testcase> <!-- UserCloseButton -->
  <testcase classname="litigationCompanyAdmin.CompanyAdmin" name="Masters3" time="0.0">
    <skipped/>
  </testcase> <!-- Masters3 -->
  <testcase classname="litigationCompanyAdmin.CompanyAdmin" name="OpponentWithoutData" time="0.0">
    <skipped/>
  </testcase> <!-- OpponentWithoutData -->
  <testcase classname="litigationCompanyAdmin.CompanyAdmin" name="OpponentInvalidData" time="0.0">
    <skipped/>
  </testcase> <!-- OpponentInvalidData -->
  <testcase classname="litigationCompanyAdmin.CompanyAdmin" name="OpponentCloseButton" time="0.0">
    <skipped/>
  </testcase> <!-- OpponentCloseButton -->
  <testcase classname="litigationCompanyAdmin.CompanyAdmin" name="Masters4" time="0.0">
    <skipped/>
  </testcase> <!-- Masters4 -->
  <testcase classname="litigationCompanyAdmin.CompanyAdmin" name="CourtWithoutData" time="0.0">
    <skipped/>
  </testcase> <!-- CourtWithoutData -->
  <testcase classname="litigationCompanyAdmin.CompanyAdmin" name="CourtInvalidData" time="0.0">
    <skipped/>
  </testcase> <!-- CourtInvalidData -->
  <testcase classname="litigationCompanyAdmin.CompanyAdmin" name="CourtTwomanadatoryFields" time="0.0">
    <skipped/>
  </testcase> <!-- CourtTwomanadatoryFields -->
  <testcase classname="litigationCompanyAdmin.CompanyAdmin" name="CourtCloseButton" time="0.0">
    <skipped/>
  </testcase> <!-- CourtCloseButton -->
  <testcase classname="litigationCompanyAdmin.CompanyAdmin" name="Masters5" time="0.0">
    <skipped/>
  </testcase> <!-- Masters5 -->
  <testcase classname="litigationCompanyAdmin.CompanyAdmin" name="CaseNoticeTypeWithoutData" time="0.0">
    <skipped/>
  </testcase> <!-- CaseNoticeTypeWithoutData -->
  <testcase classname="litigationCompanyAdmin.CompanyAdmin" name="CaseNoticeTypeInvaliData" time="0.0">
    <skipped/>
  </testcase> <!-- CaseNoticeTypeInvaliData -->
  <testcase classname="litigationCompanyAdmin.CompanyAdmin" name="CaseNoticeTypeCloseBuuton" time="0.0">
    <skipped/>
  </testcase> <!-- CaseNoticeTypeCloseBuuton -->
  <testcase classname="litigationCompanyAdmin.CompanyAdmin" name="Masters6" time="0.0">
    <skipped/>
  </testcase> <!-- Masters6 -->
  <testcase classname="litigationCompanyAdmin.CompanyAdmin" name="PaymentTypeWithouData" time="0.0">
    <skipped/>
  </testcase> <!-- PaymentTypeWithouData -->
  <testcase classname="litigationCompanyAdmin.CompanyAdmin" name="PaymentTypeInvalidData" time="0.0">
    <skipped/>
  </testcase> <!-- PaymentTypeInvalidData -->
  <testcase classname="litigationCompanyAdmin.CompanyAdmin" name="PaymentTypeCloseButton" time="0.0">
    <skipped/>
  </testcase> <!-- PaymentTypeCloseButton -->
  <testcase classname="litigationCompanyAdmin.CompanyAdmin" name="Masters7" time="0.0">
    <skipped/>
  </testcase> <!-- Masters7 -->
  <testcase classname="litigationCompanyAdmin.CompanyAdmin" name="customParameterWithoutData" time="0.0">
    <skipped/>
  </testcase> <!-- customParameterWithoutData -->
  <testcase classname="litigationCompanyAdmin.CompanyAdmin" name="customParameterCloseButton" time="0.0">
    <skipped/>
  </testcase> <!-- customParameterCloseButton -->
  <testcase classname="litigationCompanyAdmin.CompanyAdmin" name="Masters8" time="0.0">
    <skipped/>
  </testcase> <!-- Masters8 -->
  <testcase classname="litigationCompanyAdmin.CompanyAdmin" name="CaseStageWithoutData" time="0.0">
    <skipped/>
  </testcase> <!-- CaseStageWithoutData -->
  <testcase classname="litigationCompanyAdmin.CompanyAdmin" name="CaseStageInvalidData" time="0.0">
    <skipped/>
  </testcase> <!-- CaseStageInvalidData -->
  <testcase classname="litigationCompanyAdmin.CompanyAdmin" name="CaseStageCloseButton" time="0.0">
    <skipped/>
  </testcase> <!-- CaseStageCloseButton -->
  <testcase classname="litigationCompanyAdmin.CompanyAdmin" name="Masters9" time="0.0">
    <skipped/>
  </testcase> <!-- Masters9 -->
  <testcase classname="litigationCompanyAdmin.CompanyAdmin" name="DocumentTypeWithoutData" time="0.0">
    <skipped/>
  </testcase> <!-- DocumentTypeWithoutData -->
  <testcase classname="litigationCompanyAdmin.CompanyAdmin" name="DocumentTypeInvalidData" time="0.0">
    <skipped/>
  </testcase> <!-- DocumentTypeInvalidData -->
  <testcase classname="litigationCompanyAdmin.CompanyAdmin" name="DocumentTypeCloseButton" time="0.0">
    <skipped/>
  </testcase> <!-- DocumentTypeCloseButton -->
  <testcase classname="litigationCompanyAdmin.CompanyAdmin" name="Masters10" time="0.0">
    <skipped/>
  </testcase> <!-- Masters10 -->
  <testcase classname="litigationCompanyAdmin.CompanyAdmin" name="RatingCriteriaWithoutData" time="0.0">
    <skipped/>
  </testcase> <!-- RatingCriteriaWithoutData -->
  <testcase classname="litigationCompanyAdmin.CompanyAdmin" name="RatingCriteriaInvalidData" time="0.0">
    <skipped/>
  </testcase> <!-- RatingCriteriaInvalidData -->
  <testcase classname="litigationCompanyAdmin.CompanyAdmin" name="RatingCriteriaCloseButton" time="0.0">
    <skipped/>
  </testcase> <!-- RatingCriteriaCloseButton -->
  <testcase classname="litigationCompanyAdmin.CompanyAdmin" name="Masters11" time="0.0">
    <skipped/>
  </testcase> <!-- Masters11 -->
  <testcase classname="litigationCompanyAdmin.CompanyAdmin" name="AnnualBudget" time="0.0">
    <skipped/>
  </testcase> <!-- AnnualBudget -->
  <testcase classname="litigationCompanyAdmin.CompanyAdmin" name="ExistingAnnualBudget" time="0.0">
    <skipped/>
  </testcase> <!-- ExistingAnnualBudget -->
  <testcase classname="litigationCompanyAdmin.CompanyAdmin" name="UpdateAnnualBudget" time="0.0">
    <skipped/>
  </testcase> <!-- UpdateAnnualBudget -->
  <testcase classname="litigationCompanyAdmin.CompanyAdmin" name="DeleteAnnualBudget" time="0.0">
    <skipped/>
  </testcase> <!-- DeleteAnnualBudget -->
  <testcase classname="litigationCompanyAdmin.CompanyAdmin" name="Masters13" time="0.0">
    <skipped/>
  </testcase> <!-- Masters13 -->
  <testcase classname="litigationCompanyAdmin.CompanyAdmin" name="Masters14" time="0.0">
    <skipped/>
  </testcase> <!-- Masters14 -->
  <testcase classname="litigationCompanyAdmin.CompanyAdmin" name="Masters15" time="0.0">
    <skipped/>
  </testcase> <!-- Masters15 -->
  <testcase classname="litigationCompanyAdmin.CompanyAdmin" name="WorkspaceFilter" time="0.0">
    <skipped/>
  </testcase> <!-- WorkspaceFilter -->
  <testcase classname="litigationCompanyAdmin.CompanyAdmin" name="CaseWorkspaceFilter" time="0.0">
    <skipped/>
  </testcase> <!-- CaseWorkspaceFilter -->
  <testcase classname="litigationCompanyAdmin.CompanyAdmin" name="WorkspaceTaskFilter" time="0.0">
    <skipped/>
  </testcase> <!-- WorkspaceTaskFilter -->
  <testcase classname="litigationCompanyAdmin.CompanyAdmin" name="WorkspaceCaseHearingFilter" time="0.0">
    <skipped/>
  </testcase> <!-- WorkspaceCaseHearingFilter -->
  <testcase classname="litigationCompanyAdmin.CompanyAdmin" name="DocumentNoticeFilter" time="0.0">
    <skipped/>
  </testcase> <!-- DocumentNoticeFilter -->
  <testcase classname="litigationCompanyAdmin.CompanyAdmin" name="DocumentCaseFilter" time="0.0">
    <skipped/>
  </testcase> <!-- DocumentCaseFilter -->
  <testcase classname="litigationCompanyAdmin.CompanyAdmin" name="DocumentTaskFilter" time="0.0">
    <skipped/>
  </testcase> <!-- DocumentTaskFilter -->
  <testcase classname="litigationCompanyAdmin.CompanyAdmin" name="ReportFilter" time="0.0">
    <skipped/>
  </testcase> <!-- ReportFilter -->
  <testcase classname="litigationCompanyAdmin.CompanyAdmin" name="ReportCaseFilter" time="0.0">
    <skipped/>
  </testcase> <!-- ReportCaseFilter -->
  <testcase classname="litigationCompanyAdmin.CompanyAdmin" name="ReportTaskFilter" time="0.0">
    <skipped/>
  </testcase> <!-- ReportTaskFilter -->
</testsuite> <!-- Default test -->
